{"C:\\Users\\Varun\\Documents\\WebDeveloperStuff\\ReactProforma\\react-proforma\\src\\Checkbox.tsx": {"path":"C:\\Users\\Varun\\Documents\\WebDeveloperStuff\\ReactProforma\\react-proforma\\src\\Checkbox.tsx","statementMap":{"0":{"start":{"line":1,"column":0},"end":{"line":1,"column":26}},"1":{"start":{"line":7,"column":0},"end":{"line":7,"column":52}},"2":{"start":{"line":23,"column":2},"end":{"line":23,"column":45}},"3":{"start":{"line":28,"column":25},"end":{"line":49,"column":1}},"4":{"start":{"line":30,"column":4},"end":{"line":30,"column":8}},"5":{"start":{"line":31,"column":4},"end":{"line":31,"column":9}},"6":{"start":{"line":32,"column":4},"end":{"line":32,"column":16}},"7":{"start":{"line":33,"column":4},"end":{"line":33,"column":15}},"8":{"start":{"line":34,"column":4},"end":{"line":34,"column":14}},"9":{"start":{"line":35,"column":4},"end":{"line":35,"column":17}},"10":{"start":{"line":38,"column":2},"end":{"line":48,"column":4}},"11":{"start":{"line":51,"column":21},"end":{"line":53,"column":null}},"12":{"start":{"line":58,"column":25},"end":{"line":101,"column":1}},"13":{"start":{"line":60,"column":4},"end":{"line":60,"column":8}},"14":{"start":{"line":61,"column":4},"end":{"line":61,"column":9}},"15":{"start":{"line":62,"column":4},"end":{"line":62,"column":24}},"16":{"start":{"line":63,"column":4},"end":{"line":63,"column":16}},"17":{"start":{"line":64,"column":4},"end":{"line":64,"column":15}},"18":{"start":{"line":65,"column":4},"end":{"line":65,"column":14}},"19":{"start":{"line":66,"column":4},"end":{"line":66,"column":12}},"20":{"start":{"line":67,"column":4},"end":{"line":67,"column":17}},"21":{"start":{"line":70,"column":2},"end":{"line":100,"column":null}},"22":{"start":{"line":71,"column":4},"end":{"line":97,"column":null}},"23":{"start":{"line":72,"column":6},"end":{"line":82,"column":8}},"24":{"start":{"line":84,"column":6},"end":{"line":96,"column":8}},"25":{"start":{"line":99,"column":4},"end":{"line":99,"column":16}},"26":{"start":{"line":103,"column":30},"end":{"line":105,"column":null}},"27":{"start":{"line":116,"column":13},"end":{"line":192,"column":2}},"28":{"start":{"line":118,"column":8},"end":{"line":118,"column":null}},"29":{"start":{"line":119,"column":4},"end":{"line":119,"column":10}},"30":{"start":{"line":120,"column":4},"end":{"line":120,"column":33}},"31":{"start":{"line":121,"column":4},"end":{"line":121,"column":31}},"32":{"start":{"line":122,"column":4},"end":{"line":122,"column":null}},"33":{"start":{"line":126,"column":4},"end":{"line":126,"column":8}},"34":{"start":{"line":127,"column":4},"end":{"line":127,"column":24}},"35":{"start":{"line":128,"column":4},"end":{"line":128,"column":12}},"36":{"start":{"line":130,"column":4},"end":{"line":130,"column":12}},"37":{"start":{"line":131,"column":4},"end":{"line":131,"column":11}},"38":{"start":{"line":132,"column":4},"end":{"line":132,"column":10}},"39":{"start":{"line":133,"column":4},"end":{"line":133,"column":16}},"40":{"start":{"line":134,"column":4},"end":{"line":134,"column":15}},"41":{"start":{"line":135,"column":4},"end":{"line":135,"column":14}},"42":{"start":{"line":136,"column":4},"end":{"line":136,"column":9}},"43":{"start":{"line":137,"column":4},"end":{"line":137,"column":11}},"44":{"start":{"line":139,"column":4},"end":{"line":139,"column":17}},"45":{"start":{"line":142,"column":2},"end":{"line":145,"column":6}},"46":{"start":{"line":143,"column":4},"end":{"line":145,"column":6}},"47":{"start":{"line":147,"column":2},"end":{"line":150,"column":6}},"48":{"start":{"line":148,"column":4},"end":{"line":150,"column":6}},"49":{"start":{"line":152,"column":2},"end":{"line":191,"column":null}},"50":{"start":{"line":153,"column":4},"end":{"line":162,"column":6}},"51":{"start":{"line":164,"column":4},"end":{"line":190,"column":null}},"52":{"start":{"line":165,"column":6},"end":{"line":175,"column":8}},"53":{"start":{"line":177,"column":6},"end":{"line":189,"column":8}}},"fnMap":{"0":{"name":"memoCompare","decl":{"start":{"line":19,"column":9},"end":{"line":19,"column":20}},"loc":{"start":{"line":21,"column":36},"end":{"line":24,"column":1}}},"1":{"name":"(anonymous_5)","decl":{"start":{"line":28,"column":25},"end":{"line":28,"column":26}},"loc":{"start":{"line":28,"column":31},"end":{"line":49,"column":1}}},"2":{"name":"(anonymous_6)","decl":{"start":{"line":58,"column":25},"end":{"line":58,"column":26}},"loc":{"start":{"line":58,"column":31},"end":{"line":101,"column":1}}},"3":{"name":"(anonymous_7)","decl":{"start":{"line":117,"column":25},"end":{"line":117,"column":26}},"loc":{"start":{"line":117,"column":31},"end":{"line":192,"column":1}}}},"branchMap":{"0":{"loc":{"start":{"line":70,"column":2},"end":{"line":100,"column":null}},"type":"if","locations":[{"start":{"line":70,"column":2},"end":{"line":100,"column":null}},{"start":{"line":70,"column":2},"end":{"line":100,"column":null}}]},"1":{"loc":{"start":{"line":71,"column":4},"end":{"line":97,"column":null}},"type":"if","locations":[{"start":{"line":71,"column":4},"end":{"line":97,"column":null}},{"start":{"line":71,"column":4},"end":{"line":97,"column":null}}]},"2":{"loc":{"start":{"line":142,"column":2},"end":{"line":145,"column":6}},"type":"if","locations":[{"start":{"line":142,"column":2},"end":{"line":145,"column":6}},{"start":{"line":142,"column":2},"end":{"line":145,"column":6}}]},"3":{"loc":{"start":{"line":142,"column":6},"end":{"line":142,"column":32}},"type":"binary-expr","locations":[{"start":{"line":142,"column":6},"end":{"line":142,"column":32}},{"start":{"line":142,"column":36},"end":{"line":142,"column":57}}]},"4":{"loc":{"start":{"line":147,"column":2},"end":{"line":150,"column":6}},"type":"if","locations":[{"start":{"line":147,"column":2},"end":{"line":150,"column":6}},{"start":{"line":147,"column":2},"end":{"line":150,"column":6}}]},"5":{"loc":{"start":{"line":152,"column":2},"end":{"line":191,"column":null}},"type":"if","locations":[{"start":{"line":152,"column":2},"end":{"line":191,"column":null}},{"start":{"line":152,"column":2},"end":{"line":191,"column":null}}]},"6":{"loc":{"start":{"line":164,"column":4},"end":{"line":190,"column":null}},"type":"if","locations":[{"start":{"line":164,"column":4},"end":{"line":190,"column":null}},{"start":{"line":164,"column":4},"end":{"line":190,"column":null}}]}},"s":{"0":1,"1":1,"2":0,"3":1,"4":2,"5":2,"6":2,"7":2,"8":2,"9":2,"10":2,"11":1,"12":1,"13":2,"14":2,"15":2,"16":2,"17":2,"18":2,"19":2,"20":2,"21":2,"22":2,"23":2,"24":0,"25":0,"26":1,"27":1,"28":4,"29":4,"30":4,"31":4,"32":4,"33":4,"34":4,"35":4,"36":4,"37":4,"38":4,"39":4,"40":4,"41":4,"42":4,"43":4,"44":4,"45":4,"46":0,"47":4,"48":0,"49":4,"50":2,"51":2,"52":2,"53":0},"f":{"0":0,"1":2,"2":2,"3":4},"b":{"0":[2,0],"1":[2,0],"2":[0,4],"3":[4,4],"4":[0,4],"5":[2,2],"6":[2,0]}}
,"C:\\Users\\Varun\\Documents\\WebDeveloperStuff\\ReactProforma\\react-proforma\\src\\Field.tsx": {"path":"C:\\Users\\Varun\\Documents\\WebDeveloperStuff\\ReactProforma\\react-proforma\\src\\Field.tsx","statementMap":{"0":{"start":{"line":1,"column":0},"end":{"line":1,"column":26}},"1":{"start":{"line":7,"column":0},"end":{"line":7,"column":52}},"2":{"start":{"line":26,"column":2},"end":{"line":26,"column":45}},"3":{"start":{"line":30,"column":75},"end":{"line":54,"column":1}},"4":{"start":{"line":34,"column":4},"end":{"line":34,"column":8}},"5":{"start":{"line":35,"column":4},"end":{"line":35,"column":8}},"6":{"start":{"line":36,"column":4},"end":{"line":36,"column":9}},"7":{"start":{"line":37,"column":4},"end":{"line":37,"column":16}},"8":{"start":{"line":38,"column":4},"end":{"line":38,"column":15}},"9":{"start":{"line":39,"column":4},"end":{"line":39,"column":14}},"10":{"start":{"line":40,"column":4},"end":{"line":40,"column":17}},"11":{"start":{"line":43,"column":2},"end":{"line":53,"column":4}},"12":{"start":{"line":56,"column":18},"end":{"line":58,"column":null}},"13":{"start":{"line":63,"column":25},"end":{"line":107,"column":1}},"14":{"start":{"line":65,"column":4},"end":{"line":65,"column":8}},"15":{"start":{"line":66,"column":4},"end":{"line":66,"column":9}},"16":{"start":{"line":67,"column":4},"end":{"line":67,"column":8}},"17":{"start":{"line":68,"column":4},"end":{"line":68,"column":24}},"18":{"start":{"line":69,"column":4},"end":{"line":69,"column":16}},"19":{"start":{"line":70,"column":4},"end":{"line":70,"column":15}},"20":{"start":{"line":71,"column":4},"end":{"line":71,"column":14}},"21":{"start":{"line":72,"column":4},"end":{"line":72,"column":12}},"22":{"start":{"line":73,"column":4},"end":{"line":73,"column":17}},"23":{"start":{"line":76,"column":2},"end":{"line":106,"column":null}},"24":{"start":{"line":77,"column":4},"end":{"line":103,"column":null}},"25":{"start":{"line":78,"column":6},"end":{"line":88,"column":8}},"26":{"start":{"line":90,"column":6},"end":{"line":102,"column":8}},"27":{"start":{"line":105,"column":4},"end":{"line":105,"column":16}},"28":{"start":{"line":109,"column":27},"end":{"line":111,"column":null}},"29":{"start":{"line":123,"column":13},"end":{"line":209,"column":2}},"30":{"start":{"line":125,"column":8},"end":{"line":125,"column":null}},"31":{"start":{"line":126,"column":4},"end":{"line":126,"column":10}},"32":{"start":{"line":127,"column":4},"end":{"line":127,"column":33}},"33":{"start":{"line":128,"column":4},"end":{"line":128,"column":31}},"34":{"start":{"line":129,"column":4},"end":{"line":129,"column":null}},"35":{"start":{"line":133,"column":4},"end":{"line":133,"column":8}},"36":{"start":{"line":134,"column":4},"end":{"line":134,"column":8}},"37":{"start":{"line":135,"column":4},"end":{"line":135,"column":24}},"38":{"start":{"line":136,"column":4},"end":{"line":136,"column":12}},"39":{"start":{"line":137,"column":4},"end":{"line":137,"column":18}},"40":{"start":{"line":138,"column":4},"end":{"line":138,"column":15}},"41":{"start":{"line":140,"column":4},"end":{"line":140,"column":12}},"42":{"start":{"line":141,"column":4},"end":{"line":141,"column":11}},"43":{"start":{"line":142,"column":4},"end":{"line":142,"column":10}},"44":{"start":{"line":143,"column":4},"end":{"line":143,"column":16}},"45":{"start":{"line":144,"column":4},"end":{"line":144,"column":15}},"46":{"start":{"line":145,"column":4},"end":{"line":145,"column":14}},"47":{"start":{"line":146,"column":4},"end":{"line":146,"column":9}},"48":{"start":{"line":148,"column":4},"end":{"line":148,"column":17}},"49":{"start":{"line":151,"column":2},"end":{"line":154,"column":6}},"50":{"start":{"line":152,"column":4},"end":{"line":154,"column":6}},"51":{"start":{"line":156,"column":2},"end":{"line":159,"column":6}},"52":{"start":{"line":157,"column":4},"end":{"line":159,"column":6}},"53":{"start":{"line":161,"column":2},"end":{"line":164,"column":6}},"54":{"start":{"line":162,"column":4},"end":{"line":164,"column":6}},"55":{"start":{"line":166,"column":2},"end":{"line":208,"column":null}},"56":{"start":{"line":167,"column":4},"end":{"line":177,"column":6}},"57":{"start":{"line":179,"column":4},"end":{"line":207,"column":null}},"58":{"start":{"line":180,"column":6},"end":{"line":191,"column":8}},"59":{"start":{"line":193,"column":6},"end":{"line":206,"column":8}}},"fnMap":{"0":{"name":"memoCompare","decl":{"start":{"line":22,"column":9},"end":{"line":22,"column":20}},"loc":{"start":{"line":24,"column":36},"end":{"line":27,"column":1}}},"1":{"name":"(anonymous_5)","decl":{"start":{"line":30,"column":75},"end":{"line":30,"column":null}},"loc":{"start":{"line":31,"column":7},"end":{"line":54,"column":1}}},"2":{"name":"(anonymous_6)","decl":{"start":{"line":63,"column":25},"end":{"line":63,"column":26}},"loc":{"start":{"line":63,"column":31},"end":{"line":107,"column":1}}},"3":{"name":"(anonymous_7)","decl":{"start":{"line":124,"column":25},"end":{"line":124,"column":26}},"loc":{"start":{"line":124,"column":31},"end":{"line":209,"column":1}}}},"branchMap":{"0":{"loc":{"start":{"line":76,"column":2},"end":{"line":106,"column":null}},"type":"if","locations":[{"start":{"line":76,"column":2},"end":{"line":106,"column":null}},{"start":{"line":76,"column":2},"end":{"line":106,"column":null}}]},"1":{"loc":{"start":{"line":77,"column":4},"end":{"line":103,"column":null}},"type":"if","locations":[{"start":{"line":77,"column":4},"end":{"line":103,"column":null}},{"start":{"line":77,"column":4},"end":{"line":103,"column":null}}]},"2":{"loc":{"start":{"line":151,"column":2},"end":{"line":154,"column":6}},"type":"if","locations":[{"start":{"line":151,"column":2},"end":{"line":154,"column":6}},{"start":{"line":151,"column":2},"end":{"line":154,"column":6}}]},"3":{"loc":{"start":{"line":151,"column":6},"end":{"line":151,"column":32}},"type":"binary-expr","locations":[{"start":{"line":151,"column":6},"end":{"line":151,"column":32}},{"start":{"line":151,"column":36},"end":{"line":151,"column":57}}]},"4":{"loc":{"start":{"line":156,"column":2},"end":{"line":159,"column":6}},"type":"if","locations":[{"start":{"line":156,"column":2},"end":{"line":159,"column":6}},{"start":{"line":156,"column":2},"end":{"line":159,"column":6}}]},"5":{"loc":{"start":{"line":161,"column":2},"end":{"line":164,"column":6}},"type":"if","locations":[{"start":{"line":161,"column":2},"end":{"line":164,"column":6}},{"start":{"line":161,"column":2},"end":{"line":164,"column":6}}]},"6":{"loc":{"start":{"line":161,"column":6},"end":{"line":161,"column":10}},"type":"binary-expr","locations":[{"start":{"line":161,"column":6},"end":{"line":161,"column":10}},{"start":{"line":161,"column":14},"end":{"line":161,"column":29}}]},"7":{"loc":{"start":{"line":166,"column":2},"end":{"line":208,"column":null}},"type":"if","locations":[{"start":{"line":166,"column":2},"end":{"line":208,"column":null}},{"start":{"line":166,"column":2},"end":{"line":208,"column":null}}]},"8":{"loc":{"start":{"line":170,"column":14},"end":{"line":170,"column":18}},"type":"binary-expr","locations":[{"start":{"line":170,"column":14},"end":{"line":170,"column":18}},{"start":{"line":170,"column":22},"end":{"line":170,"column":28}}]},"9":{"loc":{"start":{"line":179,"column":4},"end":{"line":207,"column":null}},"type":"if","locations":[{"start":{"line":179,"column":4},"end":{"line":207,"column":null}},{"start":{"line":179,"column":4},"end":{"line":207,"column":null}}]},"10":{"loc":{"start":{"line":184,"column":16},"end":{"line":184,"column":20}},"type":"binary-expr","locations":[{"start":{"line":184,"column":16},"end":{"line":184,"column":20}},{"start":{"line":184,"column":24},"end":{"line":184,"column":30}}]},"11":{"loc":{"start":{"line":185,"column":17},"end":{"line":185,"column":28}},"type":"binary-expr","locations":[{"start":{"line":185,"column":17},"end":{"line":185,"column":28}},{"start":{"line":185,"column":32},"end":{"line":185,"column":44}}]},"12":{"loc":{"start":{"line":186,"column":24},"end":{"line":186,"column":38}},"type":"binary-expr","locations":[{"start":{"line":186,"column":24},"end":{"line":186,"column":38}},{"start":{"line":186,"column":42},"end":{"line":186,"column":57}}]},"13":{"loc":{"start":{"line":197,"column":16},"end":{"line":197,"column":20}},"type":"binary-expr","locations":[{"start":{"line":197,"column":16},"end":{"line":197,"column":20}},{"start":{"line":197,"column":24},"end":{"line":197,"column":30}}]},"14":{"loc":{"start":{"line":198,"column":17},"end":{"line":198,"column":28}},"type":"binary-expr","locations":[{"start":{"line":198,"column":17},"end":{"line":198,"column":28}},{"start":{"line":198,"column":32},"end":{"line":198,"column":44}}]},"15":{"loc":{"start":{"line":199,"column":24},"end":{"line":199,"column":38}},"type":"binary-expr","locations":[{"start":{"line":199,"column":24},"end":{"line":199,"column":38}},{"start":{"line":199,"column":42},"end":{"line":199,"column":57}}]}},"s":{"0":1,"1":1,"2":0,"3":1,"4":3,"5":3,"6":3,"7":3,"8":3,"9":3,"10":3,"11":3,"12":1,"13":1,"14":3,"15":3,"16":3,"17":3,"18":3,"19":3,"20":3,"21":3,"22":3,"23":3,"24":3,"25":3,"26":0,"27":0,"28":1,"29":1,"30":6,"31":6,"32":6,"33":6,"34":6,"35":6,"36":6,"37":6,"38":6,"39":6,"40":6,"41":6,"42":6,"43":6,"44":6,"45":6,"46":6,"47":6,"48":6,"49":6,"50":0,"51":6,"52":0,"53":6,"54":0,"55":6,"56":3,"57":3,"58":3,"59":0},"f":{"0":0,"1":3,"2":3,"3":6},"b":{"0":[3,0],"1":[3,0],"2":[0,6],"3":[6,6],"4":[0,6],"5":[0,6],"6":[6,2],"7":[3,3],"8":[3,2],"9":[3,0],"10":[3,2],"11":[3,3],"12":[3,3],"13":[0,0],"14":[0,0],"15":[0,0]}}
,"C:\\Users\\Varun\\Documents\\WebDeveloperStuff\\ReactProforma\\react-proforma\\src\\FieldValidator.ts": {"path":"C:\\Users\\Varun\\Documents\\WebDeveloperStuff\\ReactProforma\\react-proforma\\src\\FieldValidator.ts","statementMap":{"0":{"start":{"line":1,"column":0},"end":{"line":1,"column":null}},"1":{"start":{"line":4,"column":22},"end":{"line":4,"column":36}},"2":{"start":{"line":2,"column":10},"end":{"line":2,"column":32}},"3":{"start":{"line":6,"column":10},"end":{"line":8,"column":null}},"4":{"start":{"line":7,"column":4},"end":{"line":7,"column":26}},"5":{"start":{"line":10,"column":2},"end":{"line":22,"column":null}},"6":{"start":{"line":11,"column":4},"end":{"line":12,"column":72}},"7":{"start":{"line":12,"column":6},"end":{"line":12,"column":72}},"8":{"start":{"line":13,"column":4},"end":{"line":20,"column":null}},"9":{"start":{"line":15,"column":8},"end":{"line":17,"column":null}},"10":{"start":{"line":19,"column":6},"end":{"line":19,"column":56}},"11":{"start":{"line":19,"column":39},"end":{"line":19,"column":56}},"12":{"start":{"line":21,"column":4},"end":{"line":21,"column":16}},"13":{"start":{"line":24,"column":2},"end":{"line":36,"column":null}},"14":{"start":{"line":25,"column":4},"end":{"line":26,"column":72}},"15":{"start":{"line":26,"column":6},"end":{"line":26,"column":72}},"16":{"start":{"line":27,"column":4},"end":{"line":34,"column":null}},"17":{"start":{"line":29,"column":8},"end":{"line":31,"column":null}},"18":{"start":{"line":33,"column":6},"end":{"line":33,"column":56}},"19":{"start":{"line":33,"column":39},"end":{"line":33,"column":56}},"20":{"start":{"line":35,"column":4},"end":{"line":35,"column":16}},"21":{"start":{"line":38,"column":2},"end":{"line":42,"column":null}},"22":{"start":{"line":39,"column":17},"end":{"line":39,"column":49}},"23":{"start":{"line":40,"column":4},"end":{"line":40,"column":51}},"24":{"start":{"line":40,"column":34},"end":{"line":40,"column":51}},"25":{"start":{"line":41,"column":4},"end":{"line":41,"column":16}},"26":{"start":{"line":44,"column":2},"end":{"line":49,"column":null}},"27":{"start":{"line":45,"column":17},"end":{"line":45,"column":63}},"28":{"start":{"line":46,"column":20},"end":{"line":46,"column":41}},"29":{"start":{"line":47,"column":4},"end":{"line":47,"column":41}},"30":{"start":{"line":47,"column":24},"end":{"line":47,"column":41}},"31":{"start":{"line":48,"column":4},"end":{"line":48,"column":16}},"32":{"start":{"line":51,"column":2},"end":{"line":56,"column":null}},"33":{"start":{"line":52,"column":17},"end":{"line":52,"column":76}},"34":{"start":{"line":53,"column":22},"end":{"line":53,"column":45}},"35":{"start":{"line":54,"column":4},"end":{"line":54,"column":43}},"36":{"start":{"line":54,"column":26},"end":{"line":54,"column":43}},"37":{"start":{"line":55,"column":4},"end":{"line":55,"column":16}},"38":{"start":{"line":58,"column":2},"end":{"line":67,"column":null}},"39":{"start":{"line":59,"column":17},"end":{"line":59,"column":61}},"40":{"start":{"line":63,"column":6},"end":{"line":64,"column":158}},"41":{"start":{"line":65,"column":4},"end":{"line":65,"column":56}},"42":{"start":{"line":65,"column":39},"end":{"line":65,"column":56}},"43":{"start":{"line":66,"column":4},"end":{"line":66,"column":16}},"44":{"start":{"line":69,"column":2},"end":{"line":77,"column":null}},"45":{"start":{"line":70,"column":4},"end":{"line":71,"column":74}},"46":{"start":{"line":71,"column":6},"end":{"line":71,"column":74}},"47":{"start":{"line":73,"column":6},"end":{"line":74,"column":81}},"48":{"start":{"line":75,"column":4},"end":{"line":75,"column":49}},"49":{"start":{"line":75,"column":32},"end":{"line":75,"column":49}},"50":{"start":{"line":76,"column":4},"end":{"line":76,"column":16}},"51":{"start":{"line":79,"column":2},"end":{"line":86,"column":null}},"52":{"start":{"line":80,"column":4},"end":{"line":81,"column":75}},"53":{"start":{"line":81,"column":6},"end":{"line":81,"column":75}},"54":{"start":{"line":83,"column":6},"end":{"line":83,"column":74}},"55":{"start":{"line":84,"column":4},"end":{"line":84,"column":57}},"56":{"start":{"line":84,"column":40},"end":{"line":84,"column":57}},"57":{"start":{"line":85,"column":4},"end":{"line":85,"column":16}},"58":{"start":{"line":88,"column":2},"end":{"line":94,"column":null}},"59":{"start":{"line":89,"column":4},"end":{"line":90,"column":75}},"60":{"start":{"line":90,"column":6},"end":{"line":90,"column":75}},"61":{"start":{"line":91,"column":26},"end":{"line":91,"column":30}},"62":{"start":{"line":92,"column":4},"end":{"line":92,"column":69}},"63":{"start":{"line":92,"column":43},"end":{"line":92,"column":69}},"64":{"start":{"line":93,"column":4},"end":{"line":93,"column":16}},"65":{"start":{"line":96,"column":2},"end":{"line":99,"column":null}},"66":{"start":{"line":97,"column":4},"end":{"line":97,"column":51}},"67":{"start":{"line":97,"column":32},"end":{"line":97,"column":51}},"68":{"start":{"line":98,"column":4},"end":{"line":98,"column":16}},"69":{"start":{"line":100,"column":0},"end":{"line":100,"column":null}},"70":{"start":{"line":136,"column":2},"end":{"line":136,"column":35}},"71":{"start":{"line":135,"column":0},"end":{"line":135,"column":16}}},"fnMap":{"0":{"name":"(anonymous_0)","decl":{"start":{"line":1,"column":0},"end":{"line":1,"column":null}},"loc":{"start":{"line":1,"column":0},"end":{"line":100,"column":null}}},"1":{"name":"FieldValidator","decl":{"start":{"line":4,"column":2},"end":{"line":4,"column":22}},"loc":{"start":{"line":4,"column":36},"end":{"line":4,"column":40}}},"2":{"name":"(anonymous_2)","decl":{"start":{"line":6,"column":2},"end":{"line":6,"column":10}},"loc":{"start":{"line":6,"column":27},"end":{"line":8,"column":3}}},"3":{"name":"(anonymous_3)","decl":{"start":{"line":10,"column":2},"end":{"line":10,"column":5}},"loc":{"start":{"line":10,"column":34},"end":{"line":22,"column":3}}},"4":{"name":"(anonymous_4)","decl":{"start":{"line":24,"column":2},"end":{"line":24,"column":5}},"loc":{"start":{"line":24,"column":34},"end":{"line":36,"column":3}}},"5":{"name":"(anonymous_5)","decl":{"start":{"line":38,"column":2},"end":{"line":38,"column":10}},"loc":{"start":{"line":38,"column":23},"end":{"line":42,"column":3}}},"6":{"name":"(anonymous_6)","decl":{"start":{"line":44,"column":2},"end":{"line":44,"column":9}},"loc":{"start":{"line":44,"column":22},"end":{"line":49,"column":3}}},"7":{"name":"(anonymous_7)","decl":{"start":{"line":51,"column":2},"end":{"line":51,"column":7}},"loc":{"start":{"line":51,"column":20},"end":{"line":56,"column":3}}},"8":{"name":"(anonymous_8)","decl":{"start":{"line":58,"column":2},"end":{"line":58,"column":7}},"loc":{"start":{"line":58,"column":34},"end":{"line":67,"column":3}}},"9":{"name":"(anonymous_9)","decl":{"start":{"line":69,"column":2},"end":{"line":69,"column":7}},"loc":{"start":{"line":69,"column":33},"end":{"line":77,"column":3}}},"10":{"name":"(anonymous_10)","decl":{"start":{"line":79,"column":2},"end":{"line":79,"column":8}},"loc":{"start":{"line":79,"column":45},"end":{"line":86,"column":3}}},"11":{"name":"(anonymous_11)","decl":{"start":{"line":88,"column":2},"end":{"line":88,"column":8}},"loc":{"start":{"line":88,"column":37},"end":{"line":94,"column":3}}},"12":{"name":"(anonymous_12)","decl":{"start":{"line":96,"column":2},"end":{"line":96,"column":5}},"loc":{"start":{"line":96,"column":2},"end":{"line":99,"column":3}}},"13":{"name":"fieldValidator","decl":{"start":{"line":135,"column":16},"end":{"line":135,"column":30}},"loc":{"start":{"line":135,"column":44},"end":{"line":137,"column":1}}}},"branchMap":{"0":{"loc":{"start":{"line":11,"column":4},"end":{"line":12,"column":72}},"type":"if","locations":[{"start":{"line":11,"column":4},"end":{"line":12,"column":72}},{"start":{"line":11,"column":4},"end":{"line":12,"column":72}}]},"1":{"loc":{"start":{"line":11,"column":8},"end":{"line":11,"column":15}},"type":"binary-expr","locations":[{"start":{"line":11,"column":8},"end":{"line":11,"column":15}},{"start":{"line":11,"column":19},"end":{"line":11,"column":32}}]},"2":{"loc":{"start":{"line":13,"column":4},"end":{"line":20,"column":null}},"type":"if","locations":[{"start":{"line":13,"column":4},"end":{"line":20,"column":null}},{"start":{"line":13,"column":4},"end":{"line":20,"column":null}}]},"3":{"loc":{"start":{"line":15,"column":8},"end":{"line":15,"column":11}},"type":"binary-expr","locations":[{"start":{"line":15,"column":8},"end":{"line":15,"column":11}},{"start":{"line":16,"column":8},"end":{"line":17,"column":null}}]},"4":{"loc":{"start":{"line":17,"column":24},"end":{"line":17,"column":35}},"type":"cond-expr","locations":[{"start":{"line":17,"column":24},"end":{"line":17,"column":35}},{"start":{"line":17,"column":38},"end":{"line":17,"column":50}}]},"5":{"loc":{"start":{"line":19,"column":6},"end":{"line":19,"column":56}},"type":"if","locations":[{"start":{"line":19,"column":6},"end":{"line":19,"column":56}},{"start":{"line":19,"column":6},"end":{"line":19,"column":56}}]},"6":{"loc":{"start":{"line":25,"column":4},"end":{"line":26,"column":72}},"type":"if","locations":[{"start":{"line":25,"column":4},"end":{"line":26,"column":72}},{"start":{"line":25,"column":4},"end":{"line":26,"column":72}}]},"7":{"loc":{"start":{"line":25,"column":8},"end":{"line":25,"column":15}},"type":"binary-expr","locations":[{"start":{"line":25,"column":8},"end":{"line":25,"column":15}},{"start":{"line":25,"column":19},"end":{"line":25,"column":32}}]},"8":{"loc":{"start":{"line":27,"column":4},"end":{"line":34,"column":null}},"type":"if","locations":[{"start":{"line":27,"column":4},"end":{"line":34,"column":null}},{"start":{"line":27,"column":4},"end":{"line":34,"column":null}}]},"9":{"loc":{"start":{"line":29,"column":8},"end":{"line":29,"column":11}},"type":"binary-expr","locations":[{"start":{"line":29,"column":8},"end":{"line":29,"column":11}},{"start":{"line":30,"column":8},"end":{"line":31,"column":null}}]},"10":{"loc":{"start":{"line":31,"column":24},"end":{"line":31,"column":35}},"type":"cond-expr","locations":[{"start":{"line":31,"column":24},"end":{"line":31,"column":35}},{"start":{"line":31,"column":38},"end":{"line":31,"column":50}}]},"11":{"loc":{"start":{"line":33,"column":6},"end":{"line":33,"column":56}},"type":"if","locations":[{"start":{"line":33,"column":6},"end":{"line":33,"column":56}},{"start":{"line":33,"column":6},"end":{"line":33,"column":56}}]},"12":{"loc":{"start":{"line":39,"column":17},"end":{"line":39,"column":20}},"type":"binary-expr","locations":[{"start":{"line":39,"column":17},"end":{"line":39,"column":20}},{"start":{"line":39,"column":24},"end":{"line":39,"column":49}}]},"13":{"loc":{"start":{"line":40,"column":4},"end":{"line":40,"column":51}},"type":"if","locations":[{"start":{"line":40,"column":4},"end":{"line":40,"column":51}},{"start":{"line":40,"column":4},"end":{"line":40,"column":51}}]},"14":{"loc":{"start":{"line":45,"column":17},"end":{"line":45,"column":20}},"type":"binary-expr","locations":[{"start":{"line":45,"column":17},"end":{"line":45,"column":20}},{"start":{"line":45,"column":24},"end":{"line":45,"column":63}}]},"15":{"loc":{"start":{"line":47,"column":4},"end":{"line":47,"column":41}},"type":"if","locations":[{"start":{"line":47,"column":4},"end":{"line":47,"column":41}},{"start":{"line":47,"column":4},"end":{"line":47,"column":41}}]},"16":{"loc":{"start":{"line":52,"column":17},"end":{"line":52,"column":20}},"type":"binary-expr","locations":[{"start":{"line":52,"column":17},"end":{"line":52,"column":20}},{"start":{"line":52,"column":24},"end":{"line":52,"column":76}}]},"17":{"loc":{"start":{"line":54,"column":4},"end":{"line":54,"column":43}},"type":"if","locations":[{"start":{"line":54,"column":4},"end":{"line":54,"column":43}},{"start":{"line":54,"column":4},"end":{"line":54,"column":43}}]},"18":{"loc":{"start":{"line":59,"column":17},"end":{"line":59,"column":20}},"type":"binary-expr","locations":[{"start":{"line":59,"column":17},"end":{"line":59,"column":20}},{"start":{"line":59,"column":24},"end":{"line":59,"column":61}}]},"19":{"loc":{"start":{"line":63,"column":6},"end":{"line":63,"column":9}},"type":"binary-expr","locations":[{"start":{"line":63,"column":6},"end":{"line":63,"column":9}},{"start":{"line":64,"column":6},"end":{"line":64,"column":158}}]},"20":{"loc":{"start":{"line":65,"column":4},"end":{"line":65,"column":56}},"type":"if","locations":[{"start":{"line":65,"column":4},"end":{"line":65,"column":56}},{"start":{"line":65,"column":4},"end":{"line":65,"column":56}}]},"21":{"loc":{"start":{"line":70,"column":4},"end":{"line":71,"column":74}},"type":"if","locations":[{"start":{"line":70,"column":4},"end":{"line":71,"column":74}},{"start":{"line":70,"column":4},"end":{"line":71,"column":74}}]},"22":{"loc":{"start":{"line":70,"column":8},"end":{"line":70,"column":12}},"type":"binary-expr","locations":[{"start":{"line":70,"column":8},"end":{"line":70,"column":12}},{"start":{"line":70,"column":16},"end":{"line":70,"column":25}}]},"23":{"loc":{"start":{"line":73,"column":6},"end":{"line":73,"column":9}},"type":"binary-expr","locations":[{"start":{"line":73,"column":6},"end":{"line":73,"column":9}},{"start":{"line":74,"column":6},"end":{"line":74,"column":81}}]},"24":{"loc":{"start":{"line":75,"column":4},"end":{"line":75,"column":49}},"type":"if","locations":[{"start":{"line":75,"column":4},"end":{"line":75,"column":49}},{"start":{"line":75,"column":4},"end":{"line":75,"column":49}}]},"25":{"loc":{"start":{"line":80,"column":4},"end":{"line":81,"column":75}},"type":"if","locations":[{"start":{"line":80,"column":4},"end":{"line":81,"column":75}},{"start":{"line":80,"column":4},"end":{"line":81,"column":75}}]},"26":{"loc":{"start":{"line":80,"column":8},"end":{"line":80,"column":23}},"type":"binary-expr","locations":[{"start":{"line":80,"column":8},"end":{"line":80,"column":23}},{"start":{"line":80,"column":27},"end":{"line":80,"column":64}}]},"27":{"loc":{"start":{"line":83,"column":6},"end":{"line":83,"column":9}},"type":"binary-expr","locations":[{"start":{"line":83,"column":6},"end":{"line":83,"column":9}},{"start":{"line":83,"column":13},"end":{"line":83,"column":74}}]},"28":{"loc":{"start":{"line":84,"column":4},"end":{"line":84,"column":57}},"type":"if","locations":[{"start":{"line":84,"column":4},"end":{"line":84,"column":57}},{"start":{"line":84,"column":4},"end":{"line":84,"column":57}}]},"29":{"loc":{"start":{"line":89,"column":4},"end":{"line":90,"column":75}},"type":"if","locations":[{"start":{"line":89,"column":4},"end":{"line":90,"column":75}},{"start":{"line":89,"column":4},"end":{"line":90,"column":75}}]},"30":{"loc":{"start":{"line":89,"column":8},"end":{"line":89,"column":11}},"type":"binary-expr","locations":[{"start":{"line":89,"column":8},"end":{"line":89,"column":11}},{"start":{"line":89,"column":15},"end":{"line":89,"column":42}}]},"31":{"loc":{"start":{"line":92,"column":4},"end":{"line":92,"column":69}},"type":"if","locations":[{"start":{"line":92,"column":4},"end":{"line":92,"column":69}},{"start":{"line":92,"column":4},"end":{"line":92,"column":69}}]},"32":{"loc":{"start":{"line":97,"column":4},"end":{"line":97,"column":51}},"type":"if","locations":[{"start":{"line":97,"column":4},"end":{"line":97,"column":51}},{"start":{"line":97,"column":4},"end":{"line":97,"column":51}}]}},"s":{"0":1,"1":36,"2":36,"3":1,"4":21,"5":1,"6":4,"7":0,"8":4,"9":4,"10":4,"11":2,"12":4,"13":1,"14":4,"15":0,"16":4,"17":4,"18":4,"19":2,"20":4,"21":1,"22":3,"23":3,"24":2,"25":3,"26":1,"27":3,"28":3,"29":3,"30":2,"31":3,"32":1,"33":3,"34":3,"35":3,"36":2,"37":3,"38":1,"39":13,"40":13,"41":13,"42":6,"43":13,"44":1,"45":4,"46":0,"47":4,"48":4,"49":2,"50":4,"51":1,"52":3,"53":0,"54":3,"55":3,"56":2,"57":3,"58":1,"59":1,"60":0,"61":1,"62":1,"63":1,"64":1,"65":1,"66":36,"67":21,"68":15,"69":1,"70":36,"71":1},"f":{"0":1,"1":36,"2":21,"3":4,"4":4,"5":3,"6":3,"7":3,"8":13,"9":4,"10":3,"11":1,"12":36,"13":36},"b":{"0":[0,4],"1":[4,4],"2":[4,0],"3":[4,3],"4":[2,1],"5":[2,2],"6":[0,4],"7":[4,4],"8":[4,0],"9":[4,3],"10":[0,3],"11":[2,2],"12":[3,2],"13":[2,1],"14":[3,2],"15":[2,1],"16":[3,2],"17":[2,1],"18":[13,12],"19":[13,13],"20":[6,7],"21":[0,4],"22":[4,4],"23":[4,1],"24":[2,2],"25":[0,3],"26":[3,3],"27":[3,2],"28":[2,1],"29":[0,1],"30":[1,1],"31":[1,0],"32":[21,15]}}
,"C:\\Users\\Varun\\Documents\\WebDeveloperStuff\\ReactProforma\\react-proforma\\src\\Form.tsx": {"path":"C:\\Users\\Varun\\Documents\\WebDeveloperStuff\\ReactProforma\\react-proforma\\src\\Form.tsx","statementMap":{"0":{"start":{"line":1,"column":0},"end":{"line":1,"column":26}},"1":{"start":{"line":3,"column":0},"end":{"line":3,"column":52}},"2":{"start":{"line":22,"column":13},"end":{"line":59,"column":2}},"3":{"start":{"line":25,"column":10},"end":{"line":25,"column":22}},"4":{"start":{"line":30,"column":4},"end":{"line":30,"column":12}},"5":{"start":{"line":31,"column":4},"end":{"line":31,"column":24}},"6":{"start":{"line":33,"column":4},"end":{"line":33,"column":12}},"7":{"start":{"line":34,"column":4},"end":{"line":34,"column":12}},"8":{"start":{"line":35,"column":4},"end":{"line":35,"column":11}},"9":{"start":{"line":36,"column":4},"end":{"line":36,"column":11}},"10":{"start":{"line":38,"column":4},"end":{"line":38,"column":17}},"11":{"start":{"line":41,"column":2},"end":{"line":44,"column":6}},"12":{"start":{"line":42,"column":4},"end":{"line":44,"column":6}},"13":{"start":{"line":46,"column":2},"end":{"line":52,"column":null}},"14":{"start":{"line":47,"column":4},"end":{"line":51,"column":6}},"15":{"start":{"line":54,"column":2},"end":{"line":58,"column":4}}},"fnMap":{"0":{"name":"(anonymous_4)","decl":{"start":{"line":22,"column":79},"end":{"line":22,"column":null}},"loc":{"start":{"line":23,"column":7},"end":{"line":59,"column":1}}}},"branchMap":{"0":{"loc":{"start":{"line":41,"column":2},"end":{"line":44,"column":6}},"type":"if","locations":[{"start":{"line":41,"column":2},"end":{"line":44,"column":6}},{"start":{"line":41,"column":2},"end":{"line":44,"column":6}}]},"1":{"loc":{"start":{"line":46,"column":2},"end":{"line":52,"column":null}},"type":"if","locations":[{"start":{"line":46,"column":2},"end":{"line":52,"column":null}},{"start":{"line":46,"column":2},"end":{"line":52,"column":null}}]}},"s":{"0":1,"1":1,"2":1,"3":4,"4":4,"5":4,"6":4,"7":4,"8":4,"9":4,"10":4,"11":4,"12":0,"13":4,"14":3,"15":1},"f":{"0":4},"b":{"0":[0,4],"1":[3,1]}}
,"C:\\Users\\Varun\\Documents\\WebDeveloperStuff\\ReactProforma\\react-proforma\\src\\Proforma.tsx": {"path":"C:\\Users\\Varun\\Documents\\WebDeveloperStuff\\ReactProforma\\react-proforma\\src\\Proforma.tsx","statementMap":{"0":{"start":{"line":1,"column":0},"end":{"line":1,"column":26}},"1":{"start":{"line":3,"column":0},"end":{"line":3,"column":59}},"2":{"start":{"line":4,"column":0},"end":{"line":4,"column":60}},"3":{"start":{"line":49,"column":0},"end":{"line":49,"column":null}},"4":{"start":{"line":49,"column":33},"end":{"line":49,"column":38}},"5":{"start":{"line":56,"column":4},"end":{"line":56,"column":null}},"6":{"start":{"line":59,"column":4},"end":{"line":62,"column":8}},"7":{"start":{"line":60,"column":6},"end":{"line":62,"column":8}},"8":{"start":{"line":63,"column":4},"end":{"line":66,"column":8}},"9":{"start":{"line":64,"column":6},"end":{"line":66,"column":8}},"10":{"start":{"line":67,"column":4},"end":{"line":70,"column":8}},"11":{"start":{"line":68,"column":6},"end":{"line":70,"column":8}},"12":{"start":{"line":73,"column":4},"end":{"line":73,"column":73}},"13":{"start":{"line":78,"column":4},"end":{"line":78,"column":55}},"14":{"start":{"line":79,"column":4},"end":{"line":79,"column":53}},"15":{"start":{"line":80,"column":4},"end":{"line":80,"column":51}},"16":{"start":{"line":81,"column":4},"end":{"line":81,"column":49}},"17":{"start":{"line":82,"column":4},"end":{"line":82,"column":47}},"18":{"start":{"line":83,"column":4},"end":{"line":83,"column":55}},"19":{"start":{"line":84,"column":4},"end":{"line":84,"column":51}},"20":{"start":{"line":85,"column":4},"end":{"line":85,"column":53}},"21":{"start":{"line":86,"column":4},"end":{"line":86,"column":51}},"22":{"start":{"line":87,"column":4},"end":{"line":87,"column":71}},"23":{"start":{"line":89,"column":4},"end":{"line":104,"column":6}},"24":{"start":{"line":110,"column":2},"end":{"line":120,"column":null}},"25":{"start":{"line":111,"column":12},"end":{"line":111,"column":28}},"26":{"start":{"line":112,"column":4},"end":{"line":119,"column":null}},"27":{"start":{"line":113,"column":6},"end":{"line":118,"column":10}},"28":{"start":{"line":113,"column":35},"end":{"line":118,"column":9}},"29":{"start":{"line":122,"column":2},"end":{"line":151,"column":null}},"30":{"start":{"line":122,"column":2},"end":{"line":122,"column":14}},"31":{"start":{"line":123,"column":19},"end":{"line":123,"column":31}},"32":{"start":{"line":124,"column":18},"end":{"line":124,"column":76}},"33":{"start":{"line":125,"column":17},"end":{"line":125,"column":28}},"34":{"start":{"line":128,"column":12},"end":{"line":128,"column":32}},"35":{"start":{"line":129,"column":4},"end":{"line":133,"column":null}},"36":{"start":{"line":131,"column":6},"end":{"line":131,"column":56}},"37":{"start":{"line":132,"column":6},"end":{"line":132,"column":13}},"38":{"start":{"line":135,"column":4},"end":{"line":150,"column":6}},"39":{"start":{"line":136,"column":21},"end":{"line":141,"column":null}},"40":{"start":{"line":143,"column":8},"end":{"line":148,"column":null}},"41":{"start":{"line":147,"column":10},"end":{"line":147,"column":35}},"42":{"start":{"line":153,"column":2},"end":{"line":167,"column":null}},"43":{"start":{"line":154,"column":4},"end":{"line":166,"column":null}},"44":{"start":{"line":155,"column":21},"end":{"line":155,"column":33}},"45":{"start":{"line":156,"column":19},"end":{"line":156,"column":30}},"46":{"start":{"line":158,"column":6},"end":{"line":165,"column":null}},"47":{"start":{"line":159,"column":8},"end":{"line":164,"column":12}},"48":{"start":{"line":159,"column":37},"end":{"line":164,"column":11}},"49":{"start":{"line":169,"column":2},"end":{"line":186,"column":null}},"50":{"start":{"line":169,"column":2},"end":{"line":169,"column":12}},"51":{"start":{"line":170,"column":19},"end":{"line":170,"column":31}},"52":{"start":{"line":171,"column":17},"end":{"line":171,"column":28}},"53":{"start":{"line":173,"column":4},"end":{"line":185,"column":null}},"54":{"start":{"line":174,"column":6},"end":{"line":184,"column":8}},"55":{"start":{"line":175,"column":23},"end":{"line":180,"column":null}},"56":{"start":{"line":182,"column":10},"end":{"line":182,"column":35}},"57":{"start":{"line":188,"column":2},"end":{"line":243,"column":null}},"58":{"start":{"line":188,"column":2},"end":{"line":188,"column":11}},"59":{"start":{"line":189,"column":4},"end":{"line":189,"column":45}},"60":{"start":{"line":189,"column":38},"end":{"line":189,"column":45}},"61":{"start":{"line":190,"column":17},"end":{"line":190,"column":38}},"62":{"start":{"line":191,"column":40},"end":{"line":191,"column":42}},"63":{"start":{"line":192,"column":4},"end":{"line":196,"column":null}},"64":{"start":{"line":192,"column":20},"end":{"line":192,"column":24}},"65":{"start":{"line":192,"column":16},"end":{"line":192,"column":20}},"66":{"start":{"line":193,"column":6},"end":{"line":195,"column":null}},"67":{"start":{"line":194,"column":8},"end":{"line":194,"column":36}},"68":{"start":{"line":197,"column":4},"end":{"line":242,"column":null}},"69":{"start":{"line":198,"column":6},"end":{"line":241,"column":8}},"70":{"start":{"line":199,"column":23},"end":{"line":204,"column":null}},"71":{"start":{"line":206,"column":10},"end":{"line":239,"column":null}},"72":{"start":{"line":210,"column":12},"end":{"line":238,"column":null}},"73":{"start":{"line":211,"column":22},"end":{"line":211,"column":38}},"74":{"start":{"line":214,"column":58},"end":{"line":214,"column":60}},"75":{"start":{"line":215,"column":24},"end":{"line":215,"column":53}},"76":{"start":{"line":216,"column":14},"end":{"line":227,"column":null}},"77":{"start":{"line":216,"column":30},"end":{"line":216,"column":34}},"78":{"start":{"line":216,"column":26},"end":{"line":216,"column":30}},"79":{"start":{"line":217,"column":16},"end":{"line":226,"column":null}},"80":{"start":{"line":218,"column":18},"end":{"line":222,"column":20}},"81":{"start":{"line":223,"column":18},"end":{"line":225,"column":null}},"82":{"start":{"line":224,"column":20},"end":{"line":224,"column":49}},"83":{"start":{"line":230,"column":14},"end":{"line":237,"column":null}},"84":{"start":{"line":231,"column":16},"end":{"line":236,"column":20}},"85":{"start":{"line":231,"column":45},"end":{"line":236,"column":19}},"86":{"start":{"line":245,"column":2},"end":{"line":247,"column":null}},"87":{"start":{"line":246,"column":4},"end":{"line":246,"column":43}},"88":{"start":{"line":249,"column":2},"end":{"line":251,"column":null}},"89":{"start":{"line":250,"column":4},"end":{"line":250,"column":41}},"90":{"start":{"line":253,"column":2},"end":{"line":276,"column":null}},"91":{"start":{"line":253,"column":2},"end":{"line":253,"column":14}},"92":{"start":{"line":256,"column":4},"end":{"line":256,"column":27}},"93":{"start":{"line":257,"column":4},"end":{"line":275,"column":null}},"94":{"start":{"line":258,"column":6},"end":{"line":274,"column":8}},"95":{"start":{"line":259,"column":23},"end":{"line":262,"column":null}},"96":{"start":{"line":264,"column":10},"end":{"line":272,"column":null}},"97":{"start":{"line":265,"column":12},"end":{"line":271,"column":14}},"98":{"start":{"line":278,"column":2},"end":{"line":286,"column":null}},"99":{"start":{"line":280,"column":4},"end":{"line":280,"column":27}},"100":{"start":{"line":281,"column":4},"end":{"line":281,"column":28}},"101":{"start":{"line":282,"column":4},"end":{"line":284,"column":7}},"102":{"start":{"line":288,"column":2},"end":{"line":303,"column":null}},"103":{"start":{"line":289,"column":10},"end":{"line":289,"column":null}},"104":{"start":{"line":290,"column":6},"end":{"line":290,"column":12}},"105":{"start":{"line":291,"column":6},"end":{"line":291,"column":13}},"106":{"start":{"line":292,"column":6},"end":{"line":292,"column":12}},"107":{"start":{"line":293,"column":6},"end":{"line":293,"column":18}},"108":{"start":{"line":294,"column":6},"end":{"line":294,"column":16}},"109":{"start":{"line":295,"column":6},"end":{"line":295,"column":null}},"110":{"start":{"line":297,"column":4},"end":{"line":297,"column":47}},"111":{"start":{"line":298,"column":4},"end":{"line":298,"column":49}},"112":{"start":{"line":299,"column":4},"end":{"line":299,"column":47}},"113":{"start":{"line":300,"column":4},"end":{"line":300,"column":52}},"114":{"start":{"line":301,"column":4},"end":{"line":301,"column":48}},"115":{"start":{"line":302,"column":4},"end":{"line":302,"column":50}},"116":{"start":{"line":305,"column":2},"end":{"line":326,"column":null}},"117":{"start":{"line":306,"column":4},"end":{"line":306,"column":33}},"118":{"start":{"line":307,"column":12},"end":{"line":307,"column":20}},"119":{"start":{"line":309,"column":4},"end":{"line":309,"column":31}},"120":{"start":{"line":309,"column":19},"end":{"line":309,"column":31}},"121":{"start":{"line":311,"column":4},"end":{"line":325,"column":null}},"122":{"start":{"line":313,"column":6},"end":{"line":317,"column":8}},"123":{"start":{"line":320,"column":6},"end":{"line":324,"column":8}},"124":{"start":{"line":327,"column":0},"end":{"line":327,"column":null}},"125":{"start":{"line":49,"column":13},"end":{"line":49,"column":21}}},"fnMap":{"0":{"name":"(anonymous_9)","decl":{"start":{"line":49,"column":0},"end":{"line":49,"column":13}},"loc":{"start":{"line":49,"column":0},"end":{"line":327,"column":null}}},"1":{"name":"Proforma","decl":{"start":{"line":55,"column":2},"end":{"line":55,"column":14}},"loc":{"start":{"line":55,"column":30},"end":{"line":105,"column":3}}},"2":{"name":"(anonymous_11)","decl":{"start":{"line":110,"column":2},"end":{"line":110,"column":15}},"loc":{"start":{"line":110,"column":28},"end":{"line":120,"column":3}}},"3":{"name":"(anonymous_12)","decl":{"start":{"line":113,"column":20},"end":{"line":113,"column":21}},"loc":{"start":{"line":113,"column":30},"end":{"line":113,"column":36}}},"4":{"name":"(anonymous_13)","decl":{"start":{"line":122,"column":2},"end":{"line":122,"column":14}},"loc":{"start":{"line":122,"column":57},"end":{"line":151,"column":3}}},"5":{"name":"(anonymous_14)","decl":{"start":{"line":136,"column":6},"end":{"line":136,"column":7}},"loc":{"start":{"line":136,"column":16},"end":{"line":136,"column":22}}},"6":{"name":"(anonymous_15)","decl":{"start":{"line":142,"column":6},"end":{"line":142,"column":null}},"loc":{"start":{"line":142,"column":6},"end":{"line":149,"column":7}}},"7":{"name":"(anonymous_16)","decl":{"start":{"line":153,"column":2},"end":{"line":153,"column":13}},"loc":{"start":{"line":153,"column":75},"end":{"line":167,"column":3}}},"8":{"name":"(anonymous_17)","decl":{"start":{"line":159,"column":22},"end":{"line":159,"column":23}},"loc":{"start":{"line":159,"column":32},"end":{"line":159,"column":38}}},"9":{"name":"(anonymous_18)","decl":{"start":{"line":169,"column":2},"end":{"line":169,"column":12}},"loc":{"start":{"line":169,"column":74},"end":{"line":186,"column":3}}},"10":{"name":"(anonymous_19)","decl":{"start":{"line":175,"column":8},"end":{"line":175,"column":9}},"loc":{"start":{"line":175,"column":18},"end":{"line":175,"column":24}}},"11":{"name":"(anonymous_20)","decl":{"start":{"line":181,"column":8},"end":{"line":181,"column":null}},"loc":{"start":{"line":181,"column":8},"end":{"line":183,"column":9}}},"12":{"name":"(anonymous_21)","decl":{"start":{"line":188,"column":2},"end":{"line":188,"column":11}},"loc":{"start":{"line":188,"column":41},"end":{"line":243,"column":3}}},"13":{"name":"(anonymous_22)","decl":{"start":{"line":199,"column":8},"end":{"line":199,"column":9}},"loc":{"start":{"line":199,"column":18},"end":{"line":199,"column":24}}},"14":{"name":"(anonymous_23)","decl":{"start":{"line":205,"column":8},"end":{"line":205,"column":null}},"loc":{"start":{"line":205,"column":8},"end":{"line":240,"column":9}}},"15":{"name":"(anonymous_24)","decl":{"start":{"line":231,"column":30},"end":{"line":231,"column":31}},"loc":{"start":{"line":231,"column":40},"end":{"line":231,"column":46}}},"16":{"name":"(anonymous_25)","decl":{"start":{"line":245,"column":2},"end":{"line":245,"column":15}},"loc":{"start":{"line":245,"column":30},"end":{"line":247,"column":3}}},"17":{"name":"(anonymous_26)","decl":{"start":{"line":249,"column":2},"end":{"line":249,"column":13}},"loc":{"start":{"line":249,"column":28},"end":{"line":251,"column":3}}},"18":{"name":"(anonymous_27)","decl":{"start":{"line":253,"column":2},"end":{"line":253,"column":14}},"loc":{"start":{"line":254,"column":79},"end":{"line":276,"column":3}}},"19":{"name":"(anonymous_28)","decl":{"start":{"line":259,"column":8},"end":{"line":259,"column":9}},"loc":{"start":{"line":259,"column":18},"end":{"line":259,"column":24}}},"20":{"name":"(anonymous_29)","decl":{"start":{"line":263,"column":8},"end":{"line":263,"column":null}},"loc":{"start":{"line":263,"column":8},"end":{"line":273,"column":9}}},"21":{"name":"(anonymous_30)","decl":{"start":{"line":278,"column":2},"end":{"line":278,"column":13}},"loc":{"start":{"line":278,"column":54},"end":{"line":286,"column":3}}},"22":{"name":"(anonymous_31)","decl":{"start":{"line":288,"column":2},"end":{"line":288,"column":23}},"loc":{"start":{"line":288,"column":2},"end":{"line":303,"column":3}}},"23":{"name":"(anonymous_32)","decl":{"start":{"line":305,"column":2},"end":{"line":305,"column":8}},"loc":{"start":{"line":305,"column":2},"end":{"line":326,"column":3}}}},"branchMap":{"0":{"loc":{"start":{"line":56,"column":4},"end":{"line":56,"column":16}},"type":"binary-expr","locations":[{"start":{"line":56,"column":4},"end":{"line":56,"column":16}},{"start":{"line":56,"column":16},"end":{"line":56,"column":null}}]},"1":{"loc":{"start":{"line":59,"column":4},"end":{"line":62,"column":8}},"type":"if","locations":[{"start":{"line":59,"column":4},"end":{"line":62,"column":8}},{"start":{"line":59,"column":4},"end":{"line":62,"column":8}}]},"2":{"loc":{"start":{"line":63,"column":4},"end":{"line":66,"column":8}},"type":"if","locations":[{"start":{"line":63,"column":4},"end":{"line":66,"column":8}},{"start":{"line":63,"column":4},"end":{"line":66,"column":8}}]},"3":{"loc":{"start":{"line":67,"column":4},"end":{"line":70,"column":8}},"type":"if","locations":[{"start":{"line":67,"column":4},"end":{"line":70,"column":8}},{"start":{"line":67,"column":4},"end":{"line":70,"column":8}}]},"4":{"loc":{"start":{"line":112,"column":4},"end":{"line":119,"column":null}},"type":"if","locations":[{"start":{"line":112,"column":4},"end":{"line":119,"column":null}},{"start":{"line":112,"column":4},"end":{"line":119,"column":null}}]},"5":{"loc":{"start":{"line":112,"column":8},"end":{"line":112,"column":24}},"type":"binary-expr","locations":[{"start":{"line":112,"column":8},"end":{"line":112,"column":24}},{"start":{"line":112,"column":28},"end":{"line":112,"column":50}}]},"6":{"loc":{"start":{"line":124,"column":47},"end":{"line":124,"column":61}},"type":"cond-expr","locations":[{"start":{"line":124,"column":47},"end":{"line":124,"column":61}},{"start":{"line":124,"column":64},"end":{"line":124,"column":76}}]},"7":{"loc":{"start":{"line":129,"column":4},"end":{"line":133,"column":null}},"type":"if","locations":[{"start":{"line":129,"column":4},"end":{"line":133,"column":null}},{"start":{"line":129,"column":4},"end":{"line":133,"column":null}}]},"8":{"loc":{"start":{"line":129,"column":8},"end":{"line":129,"column":28}},"type":"binary-expr","locations":[{"start":{"line":129,"column":8},"end":{"line":129,"column":28}},{"start":{"line":129,"column":32},"end":{"line":129,"column":58}}]},"9":{"loc":{"start":{"line":143,"column":8},"end":{"line":148,"column":null}},"type":"if","locations":[{"start":{"line":143,"column":8},"end":{"line":148,"column":null}},{"start":{"line":143,"column":8},"end":{"line":148,"column":null}}]},"10":{"loc":{"start":{"line":144,"column":10},"end":{"line":144,"column":58}},"type":"binary-expr","locations":[{"start":{"line":144,"column":10},"end":{"line":144,"column":58}},{"start":{"line":145,"column":10},"end":{"line":145,"column":53}}]},"11":{"loc":{"start":{"line":154,"column":4},"end":{"line":166,"column":null}},"type":"if","locations":[{"start":{"line":154,"column":4},"end":{"line":166,"column":null}},{"start":{"line":154,"column":4},"end":{"line":166,"column":null}}]},"12":{"loc":{"start":{"line":158,"column":6},"end":{"line":165,"column":null}},"type":"if","locations":[{"start":{"line":158,"column":6},"end":{"line":165,"column":null}},{"start":{"line":158,"column":6},"end":{"line":165,"column":null}}]},"13":{"loc":{"start":{"line":173,"column":4},"end":{"line":185,"column":null}},"type":"if","locations":[{"start":{"line":173,"column":4},"end":{"line":185,"column":null}},{"start":{"line":173,"column":4},"end":{"line":185,"column":null}}]},"14":{"loc":{"start":{"line":189,"column":4},"end":{"line":189,"column":45}},"type":"if","locations":[{"start":{"line":189,"column":4},"end":{"line":189,"column":45}},{"start":{"line":189,"column":4},"end":{"line":189,"column":45}}]},"15":{"loc":{"start":{"line":193,"column":6},"end":{"line":195,"column":null}},"type":"if","locations":[{"start":{"line":193,"column":6},"end":{"line":195,"column":null}},{"start":{"line":193,"column":6},"end":{"line":195,"column":null}}]},"16":{"loc":{"start":{"line":197,"column":4},"end":{"line":242,"column":null}},"type":"if","locations":[{"start":{"line":197,"column":4},"end":{"line":242,"column":null}},{"start":{"line":197,"column":4},"end":{"line":242,"column":null}}]},"17":{"loc":{"start":{"line":206,"column":10},"end":{"line":239,"column":null}},"type":"if","locations":[{"start":{"line":206,"column":10},"end":{"line":239,"column":null}},{"start":{"line":206,"column":10},"end":{"line":239,"column":null}}]},"18":{"loc":{"start":{"line":207,"column":12},"end":{"line":207,"column":60}},"type":"binary-expr","locations":[{"start":{"line":207,"column":12},"end":{"line":207,"column":60}},{"start":{"line":208,"column":12},"end":{"line":208,"column":55}}]},"19":{"loc":{"start":{"line":210,"column":12},"end":{"line":238,"column":null}},"type":"if","locations":[{"start":{"line":210,"column":12},"end":{"line":238,"column":null}},{"start":{"line":210,"column":12},"end":{"line":238,"column":null}}]},"20":{"loc":{"start":{"line":217,"column":16},"end":{"line":226,"column":null}},"type":"if","locations":[{"start":{"line":217,"column":16},"end":{"line":226,"column":null}},{"start":{"line":217,"column":16},"end":{"line":226,"column":null}}]},"21":{"loc":{"start":{"line":223,"column":18},"end":{"line":225,"column":null}},"type":"if","locations":[{"start":{"line":223,"column":18},"end":{"line":225,"column":null}},{"start":{"line":223,"column":18},"end":{"line":225,"column":null}}]},"22":{"loc":{"start":{"line":230,"column":14},"end":{"line":237,"column":null}},"type":"if","locations":[{"start":{"line":230,"column":14},"end":{"line":237,"column":null}},{"start":{"line":230,"column":14},"end":{"line":237,"column":null}}]},"23":{"loc":{"start":{"line":257,"column":4},"end":{"line":275,"column":null}},"type":"if","locations":[{"start":{"line":257,"column":4},"end":{"line":275,"column":null}},{"start":{"line":257,"column":4},"end":{"line":275,"column":null}}]},"24":{"loc":{"start":{"line":264,"column":10},"end":{"line":272,"column":null}},"type":"if","locations":[{"start":{"line":264,"column":10},"end":{"line":272,"column":null}},{"start":{"line":264,"column":10},"end":{"line":272,"column":null}}]},"25":{"loc":{"start":{"line":309,"column":4},"end":{"line":309,"column":31}},"type":"if","locations":[{"start":{"line":309,"column":4},"end":{"line":309,"column":31}},{"start":{"line":309,"column":4},"end":{"line":309,"column":31}}]},"26":{"loc":{"start":{"line":311,"column":4},"end":{"line":325,"column":null}},"type":"if","locations":[{"start":{"line":311,"column":4},"end":{"line":325,"column":null}},{"start":{"line":311,"column":4},"end":{"line":325,"column":null}}]}},"s":{"0":1,"1":1,"2":1,"3":1,"4":1,"5":16,"6":16,"7":0,"8":16,"9":0,"10":16,"11":0,"12":16,"13":16,"14":16,"15":16,"16":16,"17":16,"18":16,"19":16,"20":16,"21":16,"22":16,"23":16,"24":1,"25":10,"26":10,"27":1,"28":1,"29":1,"30":10,"31":10,"32":10,"33":10,"34":10,"35":10,"36":1,"37":1,"38":9,"39":9,"40":9,"41":9,"42":1,"43":1,"44":0,"45":0,"46":0,"47":0,"48":0,"49":1,"50":1,"51":1,"52":1,"53":1,"54":1,"55":1,"56":1,"57":1,"58":1,"59":1,"60":0,"61":1,"62":1,"63":1,"64":2,"65":2,"66":2,"67":2,"68":1,"69":1,"70":1,"71":1,"72":1,"73":0,"74":0,"75":0,"76":0,"77":0,"78":0,"79":0,"80":0,"81":0,"82":0,"83":0,"84":0,"85":0,"86":1,"87":1,"88":1,"89":1,"90":1,"91":2,"92":2,"93":2,"94":2,"95":2,"96":2,"97":2,"98":1,"99":1,"100":1,"101":1,"102":1,"103":33,"104":33,"105":33,"106":33,"107":33,"108":33,"109":33,"110":33,"111":33,"112":33,"113":33,"114":33,"115":33,"116":1,"117":33,"118":33,"119":33,"120":0,"121":33,"122":33,"123":0,"124":1,"125":1},"f":{"0":1,"1":16,"2":10,"3":1,"4":10,"5":9,"6":9,"7":1,"8":0,"9":1,"10":1,"11":1,"12":1,"13":1,"14":1,"15":0,"16":1,"17":1,"18":2,"19":2,"20":2,"21":1,"22":33,"23":33},"b":{"0":[16,16],"1":[0,16],"2":[0,16],"3":[0,16],"4":[1,9],"5":[10,1],"6":[1,9],"7":[1,9],"8":[10,1],"9":[9,0],"10":[9,0],"11":[0,1],"12":[0,0],"13":[1,0],"14":[0,1],"15":[2,0],"16":[1,0],"17":[1,0],"18":[1,0],"19":[0,1],"20":[0,0],"21":[0,0],"22":[0,0],"23":[2,0],"24":[2,0],"25":[0,33],"26":[33,0]}}
,"C:\\Users\\Varun\\Documents\\WebDeveloperStuff\\ReactProforma\\react-proforma\\src\\ProformaContext.tsx": {"path":"C:\\Users\\Varun\\Documents\\WebDeveloperStuff\\ReactProforma\\react-proforma\\src\\ProformaContext.tsx","statementMap":{"0":{"start":{"line":1,"column":0},"end":{"line":1,"column":38}},"1":{"start":{"line":3,"column":13},"end":{"line":3,"column":56}},"2":{"start":{"line":5,"column":13},"end":{"line":5,"column":64}},"3":{"start":{"line":6,"column":13},"end":{"line":6,"column":64}}},"fnMap":{},"branchMap":{},"s":{"0":11,"1":11,"2":11,"3":11},"f":{},"b":{}}
,"C:\\Users\\Varun\\Documents\\WebDeveloperStuff\\ReactProforma\\react-proforma\\src\\Radio.tsx": {"path":"C:\\Users\\Varun\\Documents\\WebDeveloperStuff\\ReactProforma\\react-proforma\\src\\Radio.tsx","statementMap":{"0":{"start":{"line":1,"column":0},"end":{"line":1,"column":26}},"1":{"start":{"line":7,"column":0},"end":{"line":7,"column":52}},"2":{"start":{"line":24,"column":2},"end":{"line":24,"column":79}},"3":{"start":{"line":28,"column":75},"end":{"line":53,"column":1}},"4":{"start":{"line":32,"column":4},"end":{"line":32,"column":8}},"5":{"start":{"line":33,"column":4},"end":{"line":33,"column":9}},"6":{"start":{"line":34,"column":4},"end":{"line":34,"column":10}},"7":{"start":{"line":35,"column":4},"end":{"line":35,"column":16}},"8":{"start":{"line":36,"column":4},"end":{"line":36,"column":15}},"9":{"start":{"line":37,"column":4},"end":{"line":37,"column":14}},"10":{"start":{"line":38,"column":4},"end":{"line":38,"column":17}},"11":{"start":{"line":41,"column":2},"end":{"line":52,"column":4}},"12":{"start":{"line":55,"column":18},"end":{"line":57,"column":null}},"13":{"start":{"line":62,"column":25},"end":{"line":108,"column":1}},"14":{"start":{"line":64,"column":4},"end":{"line":64,"column":8}},"15":{"start":{"line":65,"column":4},"end":{"line":65,"column":9}},"16":{"start":{"line":66,"column":4},"end":{"line":66,"column":10}},"17":{"start":{"line":67,"column":4},"end":{"line":67,"column":24}},"18":{"start":{"line":68,"column":4},"end":{"line":68,"column":15}},"19":{"start":{"line":69,"column":4},"end":{"line":69,"column":14}},"20":{"start":{"line":70,"column":4},"end":{"line":70,"column":16}},"21":{"start":{"line":71,"column":4},"end":{"line":71,"column":12}},"22":{"start":{"line":72,"column":4},"end":{"line":72,"column":17}},"23":{"start":{"line":75,"column":2},"end":{"line":107,"column":null}},"24":{"start":{"line":76,"column":4},"end":{"line":104,"column":null}},"25":{"start":{"line":77,"column":6},"end":{"line":88,"column":8}},"26":{"start":{"line":90,"column":6},"end":{"line":103,"column":8}},"27":{"start":{"line":106,"column":4},"end":{"line":106,"column":16}},"28":{"start":{"line":110,"column":27},"end":{"line":112,"column":null}},"29":{"start":{"line":124,"column":13},"end":{"line":205,"column":2}},"30":{"start":{"line":126,"column":8},"end":{"line":126,"column":null}},"31":{"start":{"line":127,"column":4},"end":{"line":127,"column":21}},"32":{"start":{"line":128,"column":4},"end":{"line":128,"column":33}},"33":{"start":{"line":129,"column":4},"end":{"line":129,"column":31}},"34":{"start":{"line":130,"column":4},"end":{"line":130,"column":null}},"35":{"start":{"line":134,"column":4},"end":{"line":134,"column":8}},"36":{"start":{"line":135,"column":4},"end":{"line":135,"column":9}},"37":{"start":{"line":136,"column":4},"end":{"line":136,"column":24}},"38":{"start":{"line":137,"column":4},"end":{"line":137,"column":12}},"39":{"start":{"line":139,"column":4},"end":{"line":139,"column":12}},"40":{"start":{"line":140,"column":4},"end":{"line":140,"column":11}},"41":{"start":{"line":141,"column":4},"end":{"line":141,"column":10}},"42":{"start":{"line":142,"column":4},"end":{"line":142,"column":16}},"43":{"start":{"line":143,"column":4},"end":{"line":143,"column":15}},"44":{"start":{"line":144,"column":4},"end":{"line":144,"column":14}},"45":{"start":{"line":145,"column":4},"end":{"line":145,"column":11}},"46":{"start":{"line":146,"column":4},"end":{"line":146,"column":8}},"47":{"start":{"line":147,"column":4},"end":{"line":147,"column":10}},"48":{"start":{"line":149,"column":4},"end":{"line":149,"column":17}},"49":{"start":{"line":152,"column":2},"end":{"line":155,"column":6}},"50":{"start":{"line":153,"column":4},"end":{"line":155,"column":6}},"51":{"start":{"line":157,"column":2},"end":{"line":160,"column":6}},"52":{"start":{"line":158,"column":4},"end":{"line":160,"column":6}},"53":{"start":{"line":162,"column":2},"end":{"line":204,"column":null}},"54":{"start":{"line":163,"column":4},"end":{"line":173,"column":6}},"55":{"start":{"line":175,"column":4},"end":{"line":203,"column":null}},"56":{"start":{"line":176,"column":6},"end":{"line":187,"column":8}},"57":{"start":{"line":189,"column":6},"end":{"line":202,"column":8}}},"fnMap":{"0":{"name":"memoCompare","decl":{"start":{"line":20,"column":9},"end":{"line":20,"column":20}},"loc":{"start":{"line":22,"column":36},"end":{"line":25,"column":1}}},"1":{"name":"(anonymous_5)","decl":{"start":{"line":28,"column":75},"end":{"line":28,"column":null}},"loc":{"start":{"line":29,"column":7},"end":{"line":53,"column":1}}},"2":{"name":"(anonymous_6)","decl":{"start":{"line":62,"column":25},"end":{"line":62,"column":26}},"loc":{"start":{"line":62,"column":31},"end":{"line":108,"column":1}}},"3":{"name":"(anonymous_7)","decl":{"start":{"line":125,"column":25},"end":{"line":125,"column":26}},"loc":{"start":{"line":125,"column":31},"end":{"line":205,"column":1}}}},"branchMap":{"0":{"loc":{"start":{"line":75,"column":2},"end":{"line":107,"column":null}},"type":"if","locations":[{"start":{"line":75,"column":2},"end":{"line":107,"column":null}},{"start":{"line":75,"column":2},"end":{"line":107,"column":null}}]},"1":{"loc":{"start":{"line":76,"column":4},"end":{"line":104,"column":null}},"type":"if","locations":[{"start":{"line":76,"column":4},"end":{"line":104,"column":null}},{"start":{"line":76,"column":4},"end":{"line":104,"column":null}}]},"2":{"loc":{"start":{"line":152,"column":2},"end":{"line":155,"column":6}},"type":"if","locations":[{"start":{"line":152,"column":2},"end":{"line":155,"column":6}},{"start":{"line":152,"column":2},"end":{"line":155,"column":6}}]},"3":{"loc":{"start":{"line":152,"column":6},"end":{"line":152,"column":35}},"type":"binary-expr","locations":[{"start":{"line":152,"column":6},"end":{"line":152,"column":35}},{"start":{"line":152,"column":39},"end":{"line":152,"column":63}}]},"4":{"loc":{"start":{"line":157,"column":2},"end":{"line":160,"column":6}},"type":"if","locations":[{"start":{"line":157,"column":2},"end":{"line":160,"column":6}},{"start":{"line":157,"column":2},"end":{"line":160,"column":6}}]},"5":{"loc":{"start":{"line":162,"column":2},"end":{"line":204,"column":null}},"type":"if","locations":[{"start":{"line":162,"column":2},"end":{"line":204,"column":null}},{"start":{"line":162,"column":2},"end":{"line":204,"column":null}}]},"6":{"loc":{"start":{"line":175,"column":4},"end":{"line":203,"column":null}},"type":"if","locations":[{"start":{"line":175,"column":4},"end":{"line":203,"column":null}},{"start":{"line":175,"column":4},"end":{"line":203,"column":null}}]}},"s":{"0":1,"1":1,"2":0,"3":1,"4":6,"5":6,"6":6,"7":6,"8":6,"9":6,"10":6,"11":6,"12":1,"13":1,"14":6,"15":6,"16":6,"17":6,"18":6,"19":6,"20":6,"21":6,"22":6,"23":6,"24":6,"25":6,"26":0,"27":0,"28":1,"29":1,"30":12,"31":12,"32":12,"33":12,"34":12,"35":12,"36":12,"37":12,"38":12,"39":12,"40":12,"41":12,"42":12,"43":12,"44":12,"45":12,"46":12,"47":12,"48":12,"49":12,"50":0,"51":12,"52":0,"53":12,"54":6,"55":6,"56":6,"57":0},"f":{"0":0,"1":6,"2":6,"3":12},"b":{"0":[6,0],"1":[6,0],"2":[0,12],"3":[12,12],"4":[0,12],"5":[6,6],"6":[6,0]}}
,"C:\\Users\\Varun\\Documents\\WebDeveloperStuff\\ReactProforma\\react-proforma\\src\\Reset.tsx": {"path":"C:\\Users\\Varun\\Documents\\WebDeveloperStuff\\ReactProforma\\react-proforma\\src\\Reset.tsx","statementMap":{"0":{"start":{"line":1,"column":0},"end":{"line":1,"column":26}},"1":{"start":{"line":7,"column":0},"end":{"line":7,"column":52}},"2":{"start":{"line":24,"column":2},"end":{"line":24,"column":43}},"3":{"start":{"line":29,"column":25},"end":{"line":45,"column":1}},"4":{"start":{"line":30,"column":10},"end":{"line":30,"column":14}},"5":{"start":{"line":30,"column":16},"end":{"line":30,"column":24}},"6":{"start":{"line":30,"column":26},"end":{"line":30,"column":37}},"7":{"start":{"line":30,"column":39},"end":{"line":30,"column":52}},"8":{"start":{"line":32,"column":2},"end":{"line":38,"column":null}},"9":{"start":{"line":33,"column":4},"end":{"line":37,"column":6}},"10":{"start":{"line":39,"column":2},"end":{"line":44,"column":4}},"11":{"start":{"line":47,"column":24},"end":{"line":49,"column":null}},"12":{"start":{"line":54,"column":25},"end":{"line":90,"column":1}},"13":{"start":{"line":56,"column":4},"end":{"line":56,"column":8}},"14":{"start":{"line":57,"column":4},"end":{"line":57,"column":12}},"15":{"start":{"line":58,"column":4},"end":{"line":58,"column":15}},"16":{"start":{"line":59,"column":4},"end":{"line":59,"column":24}},"17":{"start":{"line":60,"column":4},"end":{"line":60,"column":17}},"18":{"start":{"line":63,"column":2},"end":{"line":89,"column":null}},"19":{"start":{"line":64,"column":4},"end":{"line":75,"column":null}},"20":{"start":{"line":65,"column":6},"end":{"line":74,"column":8}},"21":{"start":{"line":76,"column":4},"end":{"line":86,"column":6}},"22":{"start":{"line":88,"column":4},"end":{"line":88,"column":16}},"23":{"start":{"line":92,"column":33},"end":{"line":94,"column":37}},"24":{"start":{"line":107,"column":13},"end":{"line":167,"column":2}},"25":{"start":{"line":110,"column":10},"end":{"line":110,"column":37}},"26":{"start":{"line":114,"column":4},"end":{"line":114,"column":12}},"27":{"start":{"line":115,"column":4},"end":{"line":115,"column":24}},"28":{"start":{"line":116,"column":4},"end":{"line":116,"column":8}},"29":{"start":{"line":118,"column":4},"end":{"line":118,"column":8}},"30":{"start":{"line":119,"column":4},"end":{"line":119,"column":15}},"31":{"start":{"line":120,"column":4},"end":{"line":120,"column":11}},"32":{"start":{"line":121,"column":4},"end":{"line":121,"column":8}},"33":{"start":{"line":123,"column":4},"end":{"line":123,"column":17}},"34":{"start":{"line":126,"column":2},"end":{"line":145,"column":null}},"35":{"start":{"line":127,"column":4},"end":{"line":135,"column":null}},"36":{"start":{"line":128,"column":6},"end":{"line":134,"column":8}},"37":{"start":{"line":136,"column":4},"end":{"line":144,"column":6}},"38":{"start":{"line":147,"column":2},"end":{"line":156,"column":null}},"39":{"start":{"line":148,"column":4},"end":{"line":155,"column":6}},"40":{"start":{"line":157,"column":2},"end":{"line":166,"column":4}}},"fnMap":{"0":{"name":"memoCompare","decl":{"start":{"line":20,"column":9},"end":{"line":20,"column":20}},"loc":{"start":{"line":22,"column":36},"end":{"line":25,"column":1}}},"1":{"name":"(anonymous_5)","decl":{"start":{"line":29,"column":25},"end":{"line":29,"column":26}},"loc":{"start":{"line":29,"column":31},"end":{"line":45,"column":1}}},"2":{"name":"(anonymous_6)","decl":{"start":{"line":54,"column":25},"end":{"line":54,"column":26}},"loc":{"start":{"line":54,"column":31},"end":{"line":90,"column":1}}},"3":{"name":"(anonymous_7)","decl":{"start":{"line":108,"column":25},"end":{"line":108,"column":26}},"loc":{"start":{"line":108,"column":31},"end":{"line":167,"column":1}}}},"branchMap":{"0":{"loc":{"start":{"line":32,"column":2},"end":{"line":38,"column":null}},"type":"if","locations":[{"start":{"line":32,"column":2},"end":{"line":38,"column":null}},{"start":{"line":32,"column":2},"end":{"line":38,"column":null}}]},"1":{"loc":{"start":{"line":63,"column":2},"end":{"line":89,"column":null}},"type":"if","locations":[{"start":{"line":63,"column":2},"end":{"line":89,"column":null}},{"start":{"line":63,"column":2},"end":{"line":89,"column":null}}]},"2":{"loc":{"start":{"line":64,"column":4},"end":{"line":75,"column":null}},"type":"if","locations":[{"start":{"line":64,"column":4},"end":{"line":75,"column":null}},{"start":{"line":64,"column":4},"end":{"line":75,"column":null}}]},"3":{"loc":{"start":{"line":126,"column":2},"end":{"line":145,"column":null}},"type":"if","locations":[{"start":{"line":126,"column":2},"end":{"line":145,"column":null}},{"start":{"line":126,"column":2},"end":{"line":145,"column":null}}]},"4":{"loc":{"start":{"line":127,"column":4},"end":{"line":135,"column":null}},"type":"if","locations":[{"start":{"line":127,"column":4},"end":{"line":135,"column":null}},{"start":{"line":127,"column":4},"end":{"line":135,"column":null}}]},"5":{"loc":{"start":{"line":131,"column":16},"end":{"line":131,"column":20}},"type":"binary-expr","locations":[{"start":{"line":131,"column":16},"end":{"line":131,"column":20}},{"start":{"line":131,"column":24},"end":{"line":131,"column":31}}]},"6":{"loc":{"start":{"line":139,"column":14},"end":{"line":139,"column":18}},"type":"binary-expr","locations":[{"start":{"line":139,"column":14},"end":{"line":139,"column":18}},{"start":{"line":139,"column":22},"end":{"line":139,"column":29}}]},"7":{"loc":{"start":{"line":147,"column":2},"end":{"line":156,"column":null}},"type":"if","locations":[{"start":{"line":147,"column":2},"end":{"line":156,"column":null}},{"start":{"line":147,"column":2},"end":{"line":156,"column":null}}]},"8":{"loc":{"start":{"line":152,"column":14},"end":{"line":152,"column":18}},"type":"binary-expr","locations":[{"start":{"line":152,"column":14},"end":{"line":152,"column":18}},{"start":{"line":152,"column":22},"end":{"line":152,"column":29}}]},"9":{"loc":{"start":{"line":161,"column":12},"end":{"line":161,"column":16}},"type":"binary-expr","locations":[{"start":{"line":161,"column":12},"end":{"line":161,"column":16}},{"start":{"line":161,"column":20},"end":{"line":161,"column":27}}]}},"s":{"0":1,"1":1,"2":0,"3":1,"4":5,"5":5,"6":5,"7":5,"8":5,"9":5,"10":0,"11":1,"12":1,"13":3,"14":3,"15":3,"16":3,"17":3,"18":3,"19":3,"20":3,"21":0,"22":0,"23":1,"24":1,"25":8,"26":8,"27":8,"28":8,"29":8,"30":8,"31":8,"32":8,"33":8,"34":8,"35":5,"36":5,"37":0,"38":3,"39":3,"40":0},"f":{"0":0,"1":5,"2":3,"3":8},"b":{"0":[5,0],"1":[3,0],"2":[3,0],"3":[5,3],"4":[5,0],"5":[5,3],"6":[0,0],"7":[3,0],"8":[3,1],"9":[0,0]}}
,"C:\\Users\\Varun\\Documents\\WebDeveloperStuff\\ReactProforma\\react-proforma\\src\\Select.tsx": {"path":"C:\\Users\\Varun\\Documents\\WebDeveloperStuff\\ReactProforma\\react-proforma\\src\\Select.tsx","statementMap":{"0":{"start":{"line":1,"column":0},"end":{"line":1,"column":26}},"1":{"start":{"line":7,"column":0},"end":{"line":7,"column":52}},"2":{"start":{"line":23,"column":2},"end":{"line":23,"column":45}},"3":{"start":{"line":27,"column":77},"end":{"line":52,"column":1}},"4":{"start":{"line":31,"column":4},"end":{"line":31,"column":8}},"5":{"start":{"line":32,"column":4},"end":{"line":32,"column":9}},"6":{"start":{"line":33,"column":4},"end":{"line":33,"column":16}},"7":{"start":{"line":34,"column":4},"end":{"line":34,"column":15}},"8":{"start":{"line":35,"column":4},"end":{"line":35,"column":14}},"9":{"start":{"line":36,"column":4},"end":{"line":36,"column":12}},"10":{"start":{"line":37,"column":4},"end":{"line":37,"column":17}},"11":{"start":{"line":40,"column":2},"end":{"line":51,"column":4}},"12":{"start":{"line":54,"column":19},"end":{"line":56,"column":null}},"13":{"start":{"line":61,"column":25},"end":{"line":102,"column":1}},"14":{"start":{"line":63,"column":4},"end":{"line":63,"column":8}},"15":{"start":{"line":64,"column":4},"end":{"line":64,"column":9}},"16":{"start":{"line":65,"column":4},"end":{"line":65,"column":24}},"17":{"start":{"line":66,"column":4},"end":{"line":66,"column":16}},"18":{"start":{"line":67,"column":4},"end":{"line":67,"column":15}},"19":{"start":{"line":68,"column":4},"end":{"line":68,"column":14}},"20":{"start":{"line":69,"column":4},"end":{"line":69,"column":12}},"21":{"start":{"line":70,"column":4},"end":{"line":70,"column":17}},"22":{"start":{"line":73,"column":2},"end":{"line":101,"column":null}},"23":{"start":{"line":74,"column":4},"end":{"line":98,"column":null}},"24":{"start":{"line":75,"column":6},"end":{"line":84,"column":8}},"25":{"start":{"line":86,"column":6},"end":{"line":97,"column":8}},"26":{"start":{"line":100,"column":4},"end":{"line":100,"column":16}},"27":{"start":{"line":104,"column":28},"end":{"line":106,"column":null}},"28":{"start":{"line":117,"column":13},"end":{"line":200,"column":2}},"29":{"start":{"line":119,"column":8},"end":{"line":119,"column":null}},"30":{"start":{"line":120,"column":4},"end":{"line":120,"column":10}},"31":{"start":{"line":121,"column":4},"end":{"line":121,"column":33}},"32":{"start":{"line":122,"column":4},"end":{"line":122,"column":31}},"33":{"start":{"line":123,"column":4},"end":{"line":123,"column":null}},"34":{"start":{"line":127,"column":4},"end":{"line":127,"column":8}},"35":{"start":{"line":128,"column":4},"end":{"line":128,"column":24}},"36":{"start":{"line":129,"column":4},"end":{"line":129,"column":12}},"37":{"start":{"line":131,"column":4},"end":{"line":131,"column":12}},"38":{"start":{"line":132,"column":4},"end":{"line":132,"column":11}},"39":{"start":{"line":133,"column":4},"end":{"line":133,"column":10}},"40":{"start":{"line":134,"column":4},"end":{"line":134,"column":16}},"41":{"start":{"line":135,"column":4},"end":{"line":135,"column":15}},"42":{"start":{"line":136,"column":4},"end":{"line":136,"column":14}},"43":{"start":{"line":137,"column":4},"end":{"line":137,"column":9}},"44":{"start":{"line":139,"column":4},"end":{"line":139,"column":17}},"45":{"start":{"line":142,"column":2},"end":{"line":145,"column":6}},"46":{"start":{"line":143,"column":4},"end":{"line":145,"column":6}},"47":{"start":{"line":147,"column":2},"end":{"line":150,"column":6}},"48":{"start":{"line":148,"column":4},"end":{"line":150,"column":6}},"49":{"start":{"line":152,"column":2},"end":{"line":199,"column":null}},"50":{"start":{"line":153,"column":4},"end":{"line":157,"column":null}},"51":{"start":{"line":154,"column":6},"end":{"line":156,"column":8}},"52":{"start":{"line":159,"column":4},"end":{"line":170,"column":6}},"53":{"start":{"line":172,"column":4},"end":{"line":198,"column":null}},"54":{"start":{"line":173,"column":6},"end":{"line":183,"column":8}},"55":{"start":{"line":185,"column":6},"end":{"line":197,"column":8}}},"fnMap":{"0":{"name":"memoCompare","decl":{"start":{"line":19,"column":9},"end":{"line":19,"column":20}},"loc":{"start":{"line":21,"column":36},"end":{"line":24,"column":1}}},"1":{"name":"(anonymous_5)","decl":{"start":{"line":27,"column":77},"end":{"line":27,"column":null}},"loc":{"start":{"line":28,"column":7},"end":{"line":52,"column":1}}},"2":{"name":"(anonymous_6)","decl":{"start":{"line":61,"column":25},"end":{"line":61,"column":26}},"loc":{"start":{"line":61,"column":31},"end":{"line":102,"column":1}}},"3":{"name":"(anonymous_7)","decl":{"start":{"line":118,"column":25},"end":{"line":118,"column":26}},"loc":{"start":{"line":118,"column":31},"end":{"line":200,"column":1}}}},"branchMap":{"0":{"loc":{"start":{"line":73,"column":2},"end":{"line":101,"column":null}},"type":"if","locations":[{"start":{"line":73,"column":2},"end":{"line":101,"column":null}},{"start":{"line":73,"column":2},"end":{"line":101,"column":null}}]},"1":{"loc":{"start":{"line":74,"column":4},"end":{"line":98,"column":null}},"type":"if","locations":[{"start":{"line":74,"column":4},"end":{"line":98,"column":null}},{"start":{"line":74,"column":4},"end":{"line":98,"column":null}}]},"2":{"loc":{"start":{"line":142,"column":2},"end":{"line":145,"column":6}},"type":"if","locations":[{"start":{"line":142,"column":2},"end":{"line":145,"column":6}},{"start":{"line":142,"column":2},"end":{"line":145,"column":6}}]},"3":{"loc":{"start":{"line":142,"column":6},"end":{"line":142,"column":19}},"type":"binary-expr","locations":[{"start":{"line":142,"column":6},"end":{"line":142,"column":19}},{"start":{"line":142,"column":23},"end":{"line":142,"column":45}}]},"4":{"loc":{"start":{"line":147,"column":2},"end":{"line":150,"column":6}},"type":"if","locations":[{"start":{"line":147,"column":2},"end":{"line":150,"column":6}},{"start":{"line":147,"column":2},"end":{"line":150,"column":6}}]},"5":{"loc":{"start":{"line":152,"column":2},"end":{"line":199,"column":null}},"type":"if","locations":[{"start":{"line":152,"column":2},"end":{"line":199,"column":null}},{"start":{"line":152,"column":2},"end":{"line":199,"column":null}}]},"6":{"loc":{"start":{"line":153,"column":4},"end":{"line":157,"column":null}},"type":"if","locations":[{"start":{"line":153,"column":4},"end":{"line":157,"column":null}},{"start":{"line":153,"column":4},"end":{"line":157,"column":null}}]},"7":{"loc":{"start":{"line":172,"column":4},"end":{"line":198,"column":null}},"type":"if","locations":[{"start":{"line":172,"column":4},"end":{"line":198,"column":null}},{"start":{"line":172,"column":4},"end":{"line":198,"column":null}}]}},"s":{"0":1,"1":1,"2":0,"3":1,"4":2,"5":2,"6":2,"7":2,"8":2,"9":2,"10":2,"11":2,"12":1,"13":1,"14":3,"15":3,"16":3,"17":3,"18":3,"19":3,"20":3,"21":3,"22":3,"23":3,"24":1,"25":2,"26":0,"27":1,"28":1,"29":5,"30":5,"31":5,"32":5,"33":5,"34":5,"35":5,"36":5,"37":5,"38":5,"39":5,"40":5,"41":5,"42":5,"43":5,"44":5,"45":5,"46":0,"47":5,"48":0,"49":5,"50":2,"51":0,"52":2,"53":3,"54":1,"55":2},"f":{"0":0,"1":2,"2":3,"3":5},"b":{"0":[3,0],"1":[1,2],"2":[0,5],"3":[5,0],"4":[0,5],"5":[2,3],"6":[0,2],"7":[1,2]}}
,"C:\\Users\\Varun\\Documents\\WebDeveloperStuff\\ReactProforma\\react-proforma\\src\\Submit.tsx": {"path":"C:\\Users\\Varun\\Documents\\WebDeveloperStuff\\ReactProforma\\react-proforma\\src\\Submit.tsx","statementMap":{"0":{"start":{"line":1,"column":0},"end":{"line":1,"column":26}},"1":{"start":{"line":7,"column":0},"end":{"line":7,"column":52}},"2":{"start":{"line":22,"column":2},"end":{"line":22,"column":59}},"3":{"start":{"line":31,"column":2},"end":{"line":31,"column":25}},"4":{"start":{"line":32,"column":2},"end":{"line":32,"column":22}},"5":{"start":{"line":37,"column":25},"end":{"line":68,"column":1}},"6":{"start":{"line":39,"column":4},"end":{"line":39,"column":21}},"7":{"start":{"line":40,"column":4},"end":{"line":40,"column":18}},"8":{"start":{"line":41,"column":4},"end":{"line":41,"column":16}},"9":{"start":{"line":42,"column":4},"end":{"line":42,"column":12}},"10":{"start":{"line":43,"column":4},"end":{"line":43,"column":16}},"11":{"start":{"line":44,"column":4},"end":{"line":44,"column":17}},"12":{"start":{"line":47,"column":2},"end":{"line":57,"column":null}},"13":{"start":{"line":48,"column":4},"end":{"line":56,"column":6}},"14":{"start":{"line":51,"column":28},"end":{"line":51,"column":null}},"15":{"start":{"line":58,"column":2},"end":{"line":67,"column":4}},"16":{"start":{"line":61,"column":26},"end":{"line":61,"column":null}},"17":{"start":{"line":70,"column":25},"end":{"line":72,"column":null}},"18":{"start":{"line":77,"column":25},"end":{"line":119,"column":1}},"19":{"start":{"line":79,"column":4},"end":{"line":79,"column":21}},"20":{"start":{"line":80,"column":4},"end":{"line":80,"column":18}},"21":{"start":{"line":81,"column":4},"end":{"line":81,"column":16}},"22":{"start":{"line":82,"column":4},"end":{"line":82,"column":12}},"23":{"start":{"line":83,"column":4},"end":{"line":83,"column":16}},"24":{"start":{"line":84,"column":4},"end":{"line":84,"column":24}},"25":{"start":{"line":85,"column":4},"end":{"line":85,"column":17}},"26":{"start":{"line":88,"column":2},"end":{"line":118,"column":null}},"27":{"start":{"line":89,"column":4},"end":{"line":102,"column":null}},"28":{"start":{"line":90,"column":6},"end":{"line":101,"column":8}},"29":{"start":{"line":95,"column":12},"end":{"line":95,"column":null}},"30":{"start":{"line":103,"column":4},"end":{"line":115,"column":6}},"31":{"start":{"line":108,"column":10},"end":{"line":108,"column":null}},"32":{"start":{"line":117,"column":4},"end":{"line":117,"column":16}},"33":{"start":{"line":121,"column":34},"end":{"line":123,"column":38}},"34":{"start":{"line":135,"column":13},"end":{"line":206,"column":2}},"35":{"start":{"line":138,"column":8},"end":{"line":138,"column":null}},"36":{"start":{"line":139,"column":4},"end":{"line":139,"column":33}},"37":{"start":{"line":140,"column":4},"end":{"line":140,"c
[...]
{"line":35,"column":17}},"10":{"start":{"line":38,"column":2},"end":{"line":47,"column":4}},"11":{"start":{"line":50,"column":21},"end":{"line":52,"column":null}},"12":{"start":{"line":57,"column":25},"end":{"line":98,"column":1}},"13":{"start":{"line":59,"column":4},"end":{"line":59,"column":8}},"14":{"start":{"line":60,"column":4},"end":{"line":60,"column":9}},"15":{"start":{"line":61,"column":4},"end":{"line":61,"column":24}},"16":{"start":{"line":62,"column":4},"end":{"line":62,"column":16}},"17":{"start":{"line":63,"column":4},"end":{"line":63,"column":15}},"18":{"start":{"line":64,"column":4},"end":{"line":64,"column":14}},"19":{"start":{"line":65,"column":4},"end":{"line":65,"column":12}},"20":{"start":{"line":66,"column":4},"end":{"line":66,"column":17}},"21":{"start":{"line":69,"column":2},"end":{"line":97,"column":null}},"22":{"start":{"line":70,"column":4},"end":{"line":94,"column":null}},"23":{"start":{"line":71,"column":6},"end":{"line":80,"column":8}},"24":{"start":{"line":82,"column":6},"end":{"line":93,"column":8}},"25":{"start":{"line":96,"column":4},"end":{"line":96,"column":16}},"26":{"start":{"line":100,"column":30},"end":{"line":102,"column":null}},"27":{"start":{"line":113,"column":13},"end":{"line":188,"column":2}},"28":{"start":{"line":115,"column":8},"end":{"line":115,"column":null}},"29":{"start":{"line":116,"column":4},"end":{"line":116,"column":10}},"30":{"start":{"line":117,"column":4},"end":{"line":117,"column":33}},"31":{"start":{"line":118,"column":4},"end":{"line":118,"column":31}},"32":{"start":{"line":119,"column":4},"end":{"line":119,"column":null}},"33":{"start":{"line":123,"column":4},"end":{"line":123,"column":8}},"34":{"start":{"line":124,"column":4},"end":{"line":124,"column":24}},"35":{"start":{"line":125,"column":4},"end":{"line":125,"column":12}},"36":{"start":{"line":127,"column":4},"end":{"line":127,"column":12}},"37":{"start":{"line":128,"column":4},"end":{"line":128,"column":11}},"38":{"start":{"line":129,"column":4},"end":{"line":129,"column":10}},"39":{"start":{"line":130,"column":4},"end":{"line":130,"column":16}},"40":{"start":{"line":131,"column":4},"end":{"line":131,"column":15}},"41":{"start":{"line":132,"column":4},"end":{"line":132,"column":14}},"42":{"start":{"line":133,"column":4},"end":{"line":133,"column":9}},"43":{"start":{"line":135,"column":4},"end":{"line":135,"column":17}},"44":{"start":{"line":138,"column":2},"end":{"line":141,"column":6}},"45":{"start":{"line":139,"column":4},"end":{"line":141,"column":6}},"46":{"start":{"line":143,"column":2},"end":{"line":146,"column":6}},"47":{"start":{"line":144,"column":4},"end":{"line":146,"column":6}},"48":{"start":{"line":148,"column":2},"end":{"line":187,"column":null}},"49":{"start":{"line":149,"column":4},"end":{"line":158,"column":6}},"50":{"start":{"line":160,"column":4},"end":{"line":186,"column":null}},"51":{"start":{"line":161,"column":6},"end":{"line":171,"column":8}},"52":{"start":{"line":173,"column":6},"end":{"line":185,"column":8}}},"fnMap":{"0":{"name":"memoCompare","decl":{"start":{"line":19,"column":9},"end":{"line":19,"column":20}},"loc":{"start":{"line":21,"column":36},"end":{"line":24,"column":1}}},"1":{"name":"(anonymous_5)","decl":{"start":{"line":28,"column":25},"end":{"line":28,"column":26}},"loc":{"start":{"line":28,"column":31},"end":{"line":48,"column":1}}},"2":{"name":"(anonymous_6)","decl":{"start":{"line":57,"column":25},"end":{"line":57,"column":26}},"loc":{"start":{"line":57,"column":31},"end":{"line":98,"column":1}}},"3":{"name":"(anonymous_7)","decl":{"start":{"line":114,"column":25},"end":{"line":114,"column":26}},"loc":{"start":{"line":114,"column":31},"end":{"line":188,"column":1}}}},"branchMap":{"0":{"loc":{"start":{"line":69,"column":2},"end":{"line":97,"column":null}},"type":"if","locations":[{"start":{"line":69,"column":2},"end":{"line":97,"column":null}},{"start":{"line":69,"column":2},"end":{"line":97,"column":null}}]},"1":{"loc":{"start":{"line":70,"column":4},"end":{"line":94,"column":null}},"type":"if","locations":[{"start":{"line":70,"column":4},"end":{"line":94,"column":null}},{"start":{"line":70,"column":4},"end":{"line":94,"column":null}}]},"2":{"loc":{"start":{"line":138,"column":2},"end":{"line":141,"column":6}},"type":"if","locations":[{"start":{"line":138,"column":2},"end":{"line":141,"column":6}},{"start":{"line":138,"column":2},"end":{"line":141,"column":6}}]},"3":{"loc":{"start":{"line":138,"column":6},"end":{"line":138,"column":32}},"type":"binary-expr","locations":[{"start":{"line":138,"column":6},"end":{"line":138,"column":32}},{"start":{"line":138,"column":36},"end":{"line":138,"column":57}}]},"4":{"loc":{"start":{"line":143,"column":2},"end":{"line":146,"column":6}},"type":"if","locations":[{"start":{"line":143,"column":2},"end":{"line":146,"column":6}},{"start":{"line":143,"column":2},"end":{"line":146,"column":6}}]},"5":{"loc":{"start":{"line":148,"column":2},"end":{"line":187,"column":null}},"type":"if","locations":[{"start":{"line":148,"column":2},"end":{"line":187,"column":null}},{"start":{"line":148,"column":2},"end":{"line":187,"column":null}}]},"6":{"loc":{"start":{"line":160,"column":4},"end":{"line":186,"column":null}},"type":"if","locations":[{"start":{"line":160,"column":4},"end":{"line":186,"column":null}},{"start":{"line":160,"column":4},"end":{"line":186,"column":null}}]}},"s":{"0":1,"1":1,"2":0,"3":1,"4":2,"5":2,"6":2,"7":2,"8":2,"9":2,"10":2,"11":1,"12":1,"13":2,"14":2,"15":2,"16":2,"17":2,"18":2,"19":2,"20":2,"21":2,"22":2,"23":2,"24":0,"25":0,"26":1,"27":1,"28":4,"29":4,"30":4,"31":4,"32":4,"33":4,"34":4,"35":4,"36":4,"37":4,"38":4,"39":4,"40":4,"41":4,"42":4,"43":4,"44":4,"45":0,"46":4,"47":0,"48":4,"49":2,"50":2,"51":2,"52":0},"f":{"0":0,"1":2,"2":2,"3":4},"b":{"0":[2,0],"1":[2,0],"2":[0,4],"3":[4,4],"4":[0,4],"5":[2,2],"6":[2,0]}}
,"C:\\Users\\Varun\\Documents\\WebDeveloperStuff\\ReactProforma\\react-proforma\\src\\fieldError.tsx": {"path":"C:\\Users\\Varun\\Documents\\WebDeveloperStuff\\ReactProforma\\react-proforma\\src\\fieldError.tsx","statementMap":{"0":{"start":{"line":1,"column":0},"end":{"line":1,"column":26}},"1":{"start":{"line":3,"column":0},"end":{"line":3,"column":60}},"2":{"start":{"line":4,"column":0},"end":{"line":4,"column":68}},"3":{"start":{"line":18,"column":2},"end":{"line":18,"column":45}},"4":{"start":{"line":21,"column":67},"end":{"line":25,"column":1}},"5":{"start":{"line":22,"column":10},"end":{"line":22,"column":30}},"6":{"start":{"line":22,"column":32},"end":{"line":22,"column":37}},"7":{"start":{"line":24,"column":2},"end":{"line":24,"column":37}},"8":{"start":{"line":27,"column":23},"end":{"line":29,"column":null}},"9":{"start":{"line":33,"column":35},"end":{"line":44,"column":1}},"10":{"start":{"line":34,"column":30},"end":{"line":34,"column":40}},"11":{"start":{"line":35,"column":31},"end":{"line":35,"column":42}},"12":{"start":{"line":37,"column":2},"end":{"line":37,"column":59}},"13":{"start":{"line":37,"column":46},"end":{"line":37,"column":59}},"14":{"start":{"line":39,"column":2},"end":{"line":41,"column":null}},"15":{"start":{"line":39,"column":15},"end":{"line":39,"column":16}},"16":{"start":{"line":39,"column":22},"end":{"line":39,"column":38}},"17":{"start":{"line":40,"column":4},"end":{"line":40,"column":53}},"18":{"start":{"line":40,"column":40},"end":{"line":40,"column":53}},"19":{"start":{"line":43,"column":2},"end":{"line":43,"column":14}},"20":{"start":{"line":47,"column":2},"end":{"line":49,"column":4}},"21":{"start":{"line":48,"column":4},"end":{"line":48,"column":78}},"22":{"start":{"line":53,"column":2},"end":{"line":53,"column":50}},"23":{"start":{"line":56,"column":22},"end":{"line":56,"column":52}},"24":{"start":{"line":62,"column":2},"end":{"line":75,"column":4}},"25":{"start":{"line":63,"column":4},"end":{"line":63,"column":11}},"26":{"start":{"line":64,"column":4},"end":{"line":64,"column":10}},"27":{"start":{"line":67,"column":20},"end":{"line":67,"column":32}},"28":{"start":{"line":68,"column":21},"end":{"line":68,"column":34}},"29":{"start":{"line":70,"column":4},"end":{"line":72,"column":null}},"30":{"start":{"line":71,"column":6},"end":{"line":71,"column":47}},"31":{"start":{"line":74,"column":4},"end":{"line":74,"column":16}},"32":{"start":{"line":88,"column":2},"end":{"line":91,"column":6}},"33":{"start":{"line":89,"column":4},"end":{"line":91,"column":6}},"34":{"start":{"line":93,"column":2},"end":{"line":96,"column":6}},"35":{"start":{"line":94,"column":4},"end":{"line":96,"column":6}},"36":{"start":{"line":98,"column":2},"end":{"line":102,"column":4}},"37":{"start":{"line":87,"column":0},"end":{"line":87,"column":16}}},"fnMap":{"0":{"name":"memoCompare","decl":{"start":{"line":14,"column":9},"end":{"line":14,"column":20}},"loc":{"start":{"line":16,"column":55},"end":{"line":19,"column":1}}},"1":{"name":"(anonymous_2)","decl":{"start":{"line":21,"column":67},"end":{"line":21,"column":68}},"loc":{"start":{"line":21,"column":73},"end":{"line":25,"column":1}}},"2":{"name":"(anonymous_3)","decl":{"start":{"line":33,"column":35},"end":{"line":33,"column":36}},"loc":{"start":{"line":33,"column":53},"end":{"line":44,"column":1}}},"3":{"name":"getErrorMappingFn","decl":{"start":{"line":46,"column":9},"end":{"line":46,"column":26}},"loc":{"start":{"line":46,"column":61},"end":{"line":50,"column":1}}},"4":{"name":"errorMappingFn","decl":{"start":{"line":47,"column":18},"end":{"line":47,"column":32}},"loc":{"start":{"line":47,"column":61},"end":{"line":49,"column":3}}},"5":{"name":"mapErrors","decl":{"start":{"line":52,"column":9},"end":{"line":52,"column":18}},"loc":{"start":{"line":52,"column":71},"end":{"line":54,"column":1}}},"6":{"name":"getContextConsumerProcessor","decl":{"start":{"line":58,"column":9},"end":{"line":58,"column":36}},"loc":{"start":{"line":60,"column":36},"end":{"line":76,"column":1}}},"7":{"name":"processContextConsumer","decl":{"start":{"line":62,"column":18},"end":{"line":62,"column":40}},"loc":{"start":{"line":65,"column":24},"end":{"line":75,"column":3}}},"8":{"name":"fieldError","decl":{"start":{"line":87,"column":16},"end":{"line":87,"column":26}},"loc":{"start":{"line":87,"column":75},"end":{"line":103,"column":1}}}},"branchMap":{"0":{"loc":{"start":{"line":37,"column":2},"end":{"line":37,"column":59}},"type":"if","locations":[{"start":{"line":37,"column":2},"end":{"line":37,"column":59}},{"start":{"line":37,"column":2},"end":{"line":37,"column":59}}]},"1":{"loc":{"start":{"line":40,"column":4},"end":{"line":40,"column":53}},"type":"if","locations":[{"start":{"line":40,"column":4},"end":{"line":40,"column":53}},{"start":{"line":40,"column":4},"end":{"line":40,"column":53}}]},"2":{"loc":{"start":{"line":70,"column":4},"end":{"line":72,"column":null}},"type":"if","locations":[{"start":{"line":70,"column":4},"end":{"line":72,"column":null}},{"start":{"line":70,"column":4},"end":{"line":72,"column":null}}]},"3":{"loc":{"start":{"line":70,"column":8},"end":{"line":70,"column":25}},"type":"binary-expr","locations":[{"start":{"line":70,"column":8},"end":{"line":70,"column":25}},{"start":{"line":70,"column":29},"end":{"line":70,"column":45}}]},"4":{"loc":{"start":{"line":88,"column":2},"end":{"line":91,"column":6}},"type":"if","locations":[{"start":{"line":88,"column":2},"end":{"line":91,"column":6}},{"start":{"line":88,"column":2},"end":{"line":91,"column":6}}]},"5":{"loc":{"start":{"line":93,"column":2},"end":{"line":96,"column":6}},"type":"if","locations":[{"start":{"line":93,"column":2},"end":{"line":96,"column":6}},{"start":{"line":93,"column":2},"end":{"line":96,"column":6}}]}},"s":{"0":1,"1":1,"2":1,"3":0,"4":1,"5":2,"6":2,"7":2,"8":1,"9":1,"10":0,"11":0,"12":0,"13":0,"14":0,"15":0,"16":0,"17":0,"18":0,"19":0,"20":1,"21":2,"22":1,"23":1,"24":3,"25":3,"26":3,"27":3,"28":3,"29":3,"30":1,"31":2,"32":3,"33":0,"34":3,"35":0,"36":3,"37":1},"f":{"0":0,"1":2,"2":0,"3":1,"4":2,"5":1,"6":3,"7":3,"8":3},"b":{"0":[0,0],"1":[0,0],"2":[1,2],"3":[3,2],"4":[0,3],"5":[0,3]}}
,"C:\\Users\\Varun\\Documents\\WebDeveloperStuff\\ReactProforma\\react-proforma\\src\\fieldValid.tsx": {"path":"C:\\Users\\Varun\\Documents\\WebDeveloperStuff\\ReactProforma\\react-proforma\\src\\fieldValid.tsx","statementMap":{"0":{"start":{"line":1,"column":0},"end":{"line":1,"column":26}},"1":{"start":{"line":3,"column":0},"end":{"line":3,"column":60}},"2":{"start":{"line":16,"column":2},"end":{"line":16,"column":49}},"3":{"start":{"line":19,"column":67},"end":{"line":23,"column":1}},"4":{"start":{"line":20,"column":10},"end":{"line":20,"column":30}},"5":{"start":{"line":20,"column":32},"end":{"line":20,"column":39}},"6":{"start":{"line":22,"column":2},"end":{"line":22,"column":41}},"7":{"start":{"line":25,"column":23},"end":{"line":27,"column":null}},"8":{"start":{"line":35,"column":2},"end":{"line":49,"column":4}},"9":{"start":{"line":36,"column":4},"end":{"line":36,"column":10}},"10":{"start":{"line":37,"column":4},"end":{"line":37,"column":11}},"11":{"start":{"line":38,"column":4},"end":{"line":38,"column":10}},"12":{"start":{"line":41,"column":21},"end":{"line":41,"column":34}},"13":{"start":{"line":42,"column":20},"end":{"line":42,"column":32}},"14":{"start":{"line":44,"column":4},"end":{"line":46,"column":null}},"15":{"start":{"line":45,"column":6},"end":{"line":45,"column":72}},"16":{"start":{"line":48,"column":4},"end":{"line":48,"column":16}},"17":{"start":{"line":70,"column":2},"end":{"line":73,"column":6}},"18":{"start":{"line":71,"column":4},"end":{"line":73,"column":6}},"19":{"start":{"line":75,"column":2},"end":{"line":78,"column":6}},"20":{"start":{"line":76,"column":4},"end":{"line":78,"column":6}},"21":{"start":{"line":80,"column":2},"end":{"line":83,"column":6}},"22":{"start":{"line":81,"column":4},"end":{"line":83,"column":6}},"23":{"start":{"line":85,"column":2},"end":{"line":89,"column":4}},"24":{"start":{"line":65,"column":0},"end":{"line":65,"column":16}}},"fnMap":{"0":{"name":"memoCompare","decl":{"start":{"line":12,"column":9},"end":{"line":12,"column":20}},"loc":{"start":{"line":14,"column":55},"end":{"line":17,"column":1}}},"1":{"name":"(anonymous_2)","decl":{"start":{"line":19,"column":67},"end":{"line":19,"column":68}},"loc":{"start":{"line":19,"column":73},"end":{"line":23,"column":1}}},"2":{"name":"getContextConsumerProcessor","decl":{"start":{"line":30,"column":9},"end":{"line":30,"column":36}},"loc":{"start":{"line":33,"column":17},"end":{"line":50,"column":1}}},"3":{"name":"processContextConsumer","decl":{"start":{"line":35,"column":18},"end":{"line":35,"column":40}},"loc":{"start":{"line":39,"column":24},"end":{"line":49,"column":3}}},"4":{"name":"fieldValid","decl":{"start":{"line":65,"column":16},"end":{"line":65,"column":26}},"loc":{"start":{"line":68,"column":17},"end":{"line":90,"column":1}}}},"branchMap":{"0":{"loc":{"start":{"line":44,"column":4},"end":{"line":46,"column":null}},"type":"if","locations":[{"start":{"line":44,"column":4},"end":{"line":46,"column":null}},{"start":{"line":44,"column":4},"end":{"line":46,"column":null}}]},"1":{"loc":{"start":{"line":44,"column":8},"end":{"line":44,"column":25}},"type":"binary-expr","locations":[{"start":{"line":44,"column":8},"end":{"line":44,"column":25}},{"start":{"line":44,"column":29},"end":{"line":44,"column":45}}]},"2":{"loc":{"start":{"line":70,"column":2},"end":{"line":73,"column":6}},"type":"if","locations":[{"start":{"line":70,"column":2},"end":{"line":73,"column":6}},{"start":{"line":70,"column":2},"end":{"line":73,"column":6}}]},"3":{"loc":{"start":{"line":75,"column":2},"end":{"line":78,"column":6}},"type":"if","locations":[{"start":{"line":75,"column":2},"end":{"line":78,"column":6}},{"start":{"line":75,"column":2},"end":{"line":78,"column":6}}]},"4":{"loc":{"start":{"line":80,"column":2},"end":{"line":83,"column":6}},"type":"if","locations":[{"start":{"line":80,"column":2},"end":{"line":83,"column":6}},{"start":{"line":80,"column":2},"end":{"line":83,"column":6}}]}},"s":{"0":1,"1":1,"2":0,"3":1,"4":1,"5":1,"6":1,"7":1,"8":3,"9":3,"10":3,"11":3,"12":3,"13":3,"14":3,"15":1,"16":2,"17":3,"18":0,"19":3,"20":0,"21":3,"22":0,"23":3,"24":1},"f":{"0":0,"1":1,"2":3,"3":3,"4":3},"b":{"0":[1,2],"1":[3,2],"2":[0,3],"3":[0,3],"4":[0,3]}}
,"C:\\Users\\Varun\\Documents\\WebDeveloperStuff\\ReactProforma\\react-proforma\\src\\helpers.ts": {"path":"C:\\Users\\Varun\\Documents\\WebDeveloperStuff\\ReactProforma\\react-proforma\\src\\helpers.ts","statementMap":{"0":{"start":{"line":7,"column":15},"end":{"line":7,"column":37}},"1":{"start":{"line":8,"column":19},"end":{"line":29,"column":null}},"2":{"start":{"line":10,"column":6},"end":{"line":17,"column":null}},"3":{"start":{"line":14,"column":8},"end":{"line":14,"column":44}},"4":{"start":{"line":16,"column":8},"end":{"line":16,"column":32}},"5":{"start":{"line":18,"column":6},"end":{"line":18,"column":34}},"6":{"start":{"line":19,"column":6},"end":{"line":19,"column":32}},"7":{"start":{"line":20,"column":6},"end":{"line":20,"column":20}},"8":{"start":{"line":31,"column":2},"end":{"line":31,"column":18}},"9":{"start":{"line":4,"column":0},"end":{"line":4,"column":16}},"10":{"start":{"line":39,"column":17},"end":{"line":39,"column":47}},"11":{"start":{"line":40,"column":2},"end":{"line":50,"column":null}},"12":{"start":{"line":41,"column":4},"end":{"line":47,"column":null}},"13":{"start":{"line":41,"column":22},"end":{"line":41,"column":28}},"14":{"start":{"line":41,"column":18},"end":{"line":41,"column":22}},"15":{"start":{"line":42,"column":6},"end":{"line":46,"column":null}},"16":{"start":{"line":43,"column":8},"end":{"line":45,"column":10}},"17":{"start":{"line":48,"column":9},"end":{"line":50,"column":null}},"18":{"start":{"line":49,"column":4},"end":{"line":49,"column":16}},"19":{"start":{"line":52,"column":2},"end":{"line":52,"column":16}},"20":{"start":{"line":34,"column":0},"end":{"line":34,"column":16}}},"fnMap":{"0":{"name":"generateStateObject","decl":{"start":{"line":4,"column":16},"end":{"line":4,"column":35}},"loc":{"start":{"line":5,"column":36},"end":{"line":32,"column":1}}},"1":{"name":"(anonymous_1)","decl":{"start":{"line":9,"column":4},"end":{"line":9,"column":5}},"loc":{"start":{"line":9,"column":16},"end":{"line":21,"column":5}}},"2":{"name":"validator","decl":{"start":{"line":34,"column":16},"end":{"line":34,"column":25}},"loc":{"start":{"line":37,"column":40},"end":{"line":53,"column":1}}}},"branchMap":{"0":{"loc":{"start":{"line":10,"column":6},"end":{"line":17,"column":null}},"type":"if","locations":[{"start":{"line":10,"column":6},"end":{"line":17,"column":null}},{"start":{"line":10,"column":6},"end":{"line":17,"column":null}}]},"1":{"loc":{"start":{"line":11,"column":8},"end":{"line":11,"column":43}},"type":"binary-expr","locations":[{"start":{"line":11,"column":8},"end":{"line":11,"column":43}},{"start":{"line":12,"column":8},"end":{"line":12,"column":42}}]},"2":{"loc":{"start":{"line":40,"column":2},"end":{"line":50,"column":null}},"type":"if","locations":[{"start":{"line":40,"column":2},"end":{"line":50,"column":null}},{"start":{"line":40,"column":2},"end":{"line":50,"column":null}}]},"3":{"loc":{"start":{"line":42,"column":6},"end":{"line":46,"column":null}},"type":"if","locations":[{"start":{"line":42,"column":6},"end":{"line":46,"column":null}},{"start":{"line":42,"column":6},"end":{"line":46,"column":null}}]},"4":{"loc":{"start":{"line":48,"column":9},"end":{"line":50,"column":null}},"type":"if","locations":[{"start":{"line":48,"column":9},"end":{"line":50,"column":null}},{"start":{"line":48,"column":9},"end":{"line":50,"column":null}}]},"5":{"loc":{"start":{"line":48,"column":13},"end":{"line":48,"column":40}},"type":"binary-expr","locations":[{"start":{"line":48,"column":13},"end":{"line":48,"column":40}},{"start":{"line":48,"column":44},"end":{"line":48,"column":66}}]}},"s":{"0":19,"1":19,"2":91,"3":88,"4":3,"5":91,"6":91,"7":91,"8":19,"9":2,"10":4,"11":4,"12":3,"13":6,"14":6,"15":6,"16":0,"17":1,"18":0,"19":4,"20":2},"f":{"0":19,"1":91,"2":4},"b":{"0":[88,3],"1":[91,73],"2":[3,1],"3":[0,6],"4":[0,1],"5":[1,1]}}
}
