TN:
SF:C:\Users\Varun\Documents\WebDeveloperStuff\ReactProforma\react-proforma\src\Checkbox.tsx
FN:19,memoCompare
FN:28,(anonymous_5)
FN:58,(anonymous_6)
FN:117,(anonymous_7)
FNF:4
FNH:3
FNDA:0,memoCompare
FNDA:2,(anonymous_5)
FNDA:2,(anonymous_6)
FNDA:4,(anonymous_7)
DA:1,1
DA:7,1
DA:23,0
DA:28,1
DA:30,2
DA:31,2
DA:32,2
DA:33,2
DA:34,2
DA:35,2
DA:38,2
DA:51,1
DA:58,1
DA:60,2
DA:61,2
DA:62,2
DA:63,2
DA:64,2
DA:65,2
DA:66,2
DA:67,2
DA:70,2
DA:71,2
DA:72,2
DA:84,0
DA:99,0
DA:103,1
DA:116,1
DA:118,4
DA:119,4
DA:120,4
DA:121,4
DA:122,4
DA:126,4
DA:127,4
DA:128,4
DA:130,4
DA:131,4
DA:132,4
DA:133,4
DA:134,4
DA:135,4
DA:136,4
DA:137,4
DA:139,4
DA:142,4
DA:143,0
DA:147,4
DA:148,0
DA:152,4
DA:153,2
DA:164,2
DA:165,2
DA:177,0
LF:54
LH:48
BRDA:70,0,0,2
BRDA:70,0,1,0
BRDA:71,1,0,2
BRDA:71,1,1,0
BRDA:142,2,0,0
BRDA:142,2,1,4
BRDA:142,3,0,4
BRDA:142,3,1,4
BRDA:147,4,0,0
BRDA:147,4,1,4
BRDA:152,5,0,2
BRDA:152,5,1,2
BRDA:164,6,0,2
BRDA:164,6,1,0
BRF:14
BRH:9
end_of_record
TN:
SF:C:\Users\Varun\Documents\WebDeveloperStuff\ReactProforma\react-proforma\src\Field.tsx
FN:22,memoCompare
FN:30,(anonymous_5)
FN:63,(anonymous_6)
FN:124,(anonymous_7)
FNF:4
FNH:3
FNDA:0,memoCompare
FNDA:3,(anonymous_5)
FNDA:3,(anonymous_6)
FNDA:6,(anonymous_7)
DA:1,1
DA:7,1
DA:26,0
DA:30,1
DA:34,3
DA:35,3
DA:36,3
DA:37,3
DA:38,3
DA:39,3
DA:40,3
DA:43,3
DA:56,1
DA:63,1
DA:65,3
DA:66,3
DA:67,3
DA:68,3
DA:69,3
DA:70,3
DA:71,3
DA:72,3
DA:73,3
DA:76,3
DA:77,3
DA:78,3
DA:90,0
DA:105,0
DA:109,1
DA:123,1
DA:125,6
DA:126,6
DA:127,6
DA:128,6
DA:129,6
DA:133,6
DA:134,6
DA:135,6
DA:136,6
DA:137,6
DA:138,6
DA:140,6
DA:141,6
DA:142,6
DA:143,6
DA:144,6
DA:145,6
DA:146,6
DA:148,6
DA:151,6
DA:152,0
DA:156,6
DA:157,0
DA:161,6
DA:162,0
DA:166,6
DA:167,3
DA:179,3
DA:180,3
DA:193,0
LF:60
LH:53
BRDA:76,0,0,3
BRDA:76,0,1,0
BRDA:77,1,0,3
BRDA:77,1,1,0
BRDA:151,2,0,0
BRDA:151,2,1,6
BRDA:151,3,0,6
BRDA:151,3,1,6
BRDA:156,4,0,0
BRDA:156,4,1,6
BRDA:161,5,0,0
BRDA:161,5,1,6
BRDA:161,6,0,6
BRDA:161,6,1,2
BRDA:166,7,0,3
BRDA:166,7,1,3
BRDA:170,8,0,3
BRDA:170,8,1,2
BRDA:179,9,0,3
BRDA:179,9,1,0
BRDA:184,10,0,3
BRDA:184,10,1,2
BRDA:185,11,0,3
BRDA:185,11,1,3
BRDA:186,12,0,3
BRDA:186,12,1,3
BRDA:197,13,0,0
BRDA:197,13,1,0
BRDA:198,14,0,0
BRDA:198,14,1,0
BRDA:199,15,0,0
BRDA:199,15,1,0
BRF:32
BRH:20
end_of_record
TN:
SF:C:\Users\Varun\Documents\WebDeveloperStuff\ReactProforma\react-proforma\src\FieldValidator.ts
FN:1,(anonymous_0)
FN:4,FieldValidator
FN:6,(anonymous_2)
FN:10,(anonymous_3)
FN:24,(anonymous_4)
FN:38,(anonymous_5)
FN:44,(anonymous_6)
FN:51,(anonymous_7)
FN:58,(anonymous_8)
FN:69,(anonymous_9)
FN:79,(anonymous_10)
FN:88,(anonymous_11)
FN:96,(anonymous_12)
FN:135,fieldValidator
FNF:14
FNH:14
FNDA:1,(anonymous_0)
FNDA:36,FieldValidator
FNDA:21,(anonymous_2)
FNDA:4,(anonymous_3)
FNDA:4,(anonymous_4)
FNDA:3,(anonymous_5)
FNDA:3,(anonymous_6)
FNDA:3,(anonymous_7)
FNDA:13,(anonymous_8)
FNDA:4,(anonymous_9)
FNDA:3,(anonymous_10)
FNDA:1,(anonymous_11)
FNDA:36,(anonymous_12)
FNDA:36,fieldValidator
DA:1,1
DA:2,36
DA:4,36
DA:6,1
DA:7,21
DA:10,1
DA:11,4
DA:12,0
DA:13,4
DA:15,4
DA:19,4
DA:21,4
DA:24,1
DA:25,4
DA:26,0
DA:27,4
DA:29,4
DA:33,4
DA:35,4
DA:38,1
DA:39,3
DA:40,3
DA:41,3
DA:44,1
DA:45,3
DA:46,3
DA:47,3
DA:48,3
DA:51,1
DA:52,3
DA:53,3
DA:54,3
DA:55,3
DA:58,1
DA:59,13
DA:63,13
DA:65,13
DA:66,13
DA:69,1
DA:70,4
DA:71,0
DA:73,4
DA:75,4
DA:76,4
DA:79,1
DA:80,3
DA:81,0
DA:83,3
DA:84,3
DA:85,3
DA:88,1
DA:89,1
DA:90,0
DA:91,1
DA:92,1
DA:93,1
DA:96,1
DA:97,36
DA:98,15
DA:100,1
DA:135,1
DA:136,36
LF:62
LH:57
BRDA:11,0,0,0
BRDA:11,0,1,4
BRDA:11,1,0,4
BRDA:11,1,1,4
BRDA:13,2,0,4
BRDA:13,2,1,0
BRDA:15,3,0,4
BRDA:15,3,1,3
BRDA:17,4,0,2
BRDA:17,4,1,1
BRDA:19,5,0,2
BRDA:19,5,1,2
BRDA:25,6,0,0
BRDA:25,6,1,4
BRDA:25,7,0,4
BRDA:25,7,1,4
BRDA:27,8,0,4
BRDA:27,8,1,0
BRDA:29,9,0,4
BRDA:29,9,1,3
BRDA:31,10,0,0
BRDA:31,10,1,3
BRDA:33,11,0,2
BRDA:33,11,1,2
BRDA:39,12,0,3
BRDA:39,12,1,2
BRDA:40,13,0,2
BRDA:40,13,1,1
BRDA:45,14,0,3
BRDA:45,14,1,2
BRDA:47,15,0,2
BRDA:47,15,1,1
BRDA:52,16,0,3
BRDA:52,16,1,2
BRDA:54,17,0,2
BRDA:54,17,1,1
BRDA:59,18,0,13
BRDA:59,18,1,12
BRDA:63,19,0,13
BRDA:63,19,1,13
BRDA:65,20,0,6
BRDA:65,20,1,7
BRDA:70,21,0,0
BRDA:70,21,1,4
BRDA:70,22,0,4
BRDA:70,22,1,4
BRDA:73,23,0,4
BRDA:73,23,1,1
BRDA:75,24,0,2
BRDA:75,24,1,2
BRDA:80,25,0,0
BRDA:80,25,1,3
BRDA:80,26,0,3
BRDA:80,26,1,3
BRDA:83,27,0,3
BRDA:83,27,1,2
BRDA:84,28,0,2
BRDA:84,28,1,1
BRDA:89,29,0,0
BRDA:89,29,1,1
BRDA:89,30,0,1
BRDA:89,30,1,1
BRDA:92,31,0,1
BRDA:92,31,1,0
BRDA:97,32,0,21
BRDA:97,32,1,15
BRF:66
BRH:57
end_of_record
TN:
SF:C:\Users\Varun\Documents\WebDeveloperStuff\ReactProforma\react-proforma\src\Form.tsx
FN:22,(anonymous_4)
FNF:1
FNH:1
FNDA:4,(anonymous_4)
DA:1,1
DA:3,1
DA:22,1
DA:25,4
DA:30,4
DA:31,4
DA:33,4
DA:34,4
DA:35,4
DA:36,4
DA:38,4
DA:41,4
DA:42,0
DA:46,4
DA:47,3
DA:54,1
LF:16
LH:15
BRDA:41,0,0,0
BRDA:41,0,1,4
BRDA:46,1,0,3
BRDA:46,1,1,1
BRF:4
BRH:3
end_of_record
TN:
SF:C:\Users\Varun\Documents\WebDeveloperStuff\ReactProforma\react-proforma\src\Proforma.tsx
FN:49,(anonymous_9)
FN:55,Proforma
FN:110,(anonymous_11)
FN:113,(anonymous_12)
FN:122,(anonymous_13)
FN:136,(anonymous_14)
FN:142,(anonymous_15)
FN:153,(anonymous_16)
FN:159,(anonymous_17)
FN:169,(anonymous_18)
FN:175,(anonymous_19)
FN:181,(anonymous_20)
FN:188,(anonymous_21)
FN:199,(anonymous_22)
FN:205,(anonymous_23)
FN:231,(anonymous_24)
FN:245,(anonymous_25)
FN:249,(anonymous_26)
FN:253,(anonymous_27)
FN:259,(anonymous_28)
FN:263,(anonymous_29)
FN:278,(anonymous_30)
FN:288,(anonymous_31)
FN:305,(anonymous_32)
FNF:24
FNH:22
FNDA:1,(anonymous_9)
FNDA:16,Proforma
FNDA:10,(anonymous_11)
FNDA:1,(anonymous_12)
FNDA:10,(anonymous_13)
FNDA:9,(anonymous_14)
FNDA:9,(anonymous_15)
FNDA:1,(anonymous_16)
FNDA:0,(anonymous_17)
FNDA:1,(anonymous_18)
FNDA:1,(anonymous_19)
FNDA:1,(anonymous_20)
FNDA:1,(anonymous_21)
FNDA:1,(anonymous_22)
FNDA:1,(anonymous_23)
FNDA:0,(anonymous_24)
FNDA:1,(anonymous_25)
FNDA:1,(anonymous_26)
FNDA:2,(anonymous_27)
FNDA:2,(anonymous_28)
FNDA:2,(anonymous_29)
FNDA:1,(anonymous_30)
FNDA:33,(anonymous_31)
FNDA:33,(anonymous_32)
DA:1,1
DA:3,1
DA:4,1
DA:49,1
DA:56,16
DA:59,16
DA:60,0
DA:63,16
DA:64,0
DA:67,16
DA:68,0
DA:73,16
DA:78,16
DA:79,16
DA:80,16
DA:81,16
DA:82,16
DA:83,16
DA:84,16
DA:85,16
DA:86,16
DA:87,16
DA:89,16
DA:110,1
DA:111,10
DA:112,10
DA:113,1
DA:122,10
DA:123,10
DA:124,10
DA:125,10
DA:128,10
DA:129,10
DA:131,1
DA:132,1
DA:135,9
DA:136,9
DA:143,9
DA:147,9
DA:153,1
DA:154,1
DA:155,0
DA:156,0
DA:158,0
DA:159,0
DA:169,1
DA:170,1
DA:171,1
DA:173,1
DA:174,1
DA:175,1
DA:182,1
DA:188,1
DA:189,1
DA:190,1
DA:191,1
DA:192,2
DA:193,2
DA:194,2
DA:197,1
DA:198,1
DA:199,1
DA:206,1
DA:210,1
DA:211,0
DA:214,0
DA:215,0
DA:216,0
DA:217,0
DA:218,0
DA:223,0
DA:224,0
DA:230,0
DA:231,0
DA:245,1
DA:246,1
DA:249,1
DA:250,1
DA:253,2
DA:256,2
DA:257,2
DA:258,2
DA:259,2
DA:264,2
DA:265,2
DA:278,1
DA:280,1
DA:281,1
DA:282,1
DA:288,1
DA:289,33
DA:290,33
DA:291,33
DA:292,33
DA:293,33
DA:294,33
DA:295,33
DA:297,33
DA:298,33
DA:299,33
DA:300,33
DA:301,33
DA:302,33
DA:305,1
DA:306,33
DA:307,33
DA:309,33
DA:311,33
DA:313,33
DA:320,0
DA:327,1
LF:111
LH:93
BRDA:56,0,0,16
BRDA:56,0,1,16
BRDA:59,1,0,0
BRDA:59,1,1,16
BRDA:63,2,0,0
BRDA:63,2,1,16
BRDA:67,3,0,0
BRDA:67,3,1,16
BRDA:112,4,0,1
BRDA:112,4,1,9
BRDA:112,5,0,10
BRDA:112,5,1,1
BRDA:124,6,0,1
BRDA:124,6,1,9
BRDA:129,7,0,1
BRDA:129,7,1,9
BRDA:129,8,0,10
BRDA:129,8,1,1
BRDA:143,9,0,9
BRDA:143,9,1,0
BRDA:144,10,0,9
BRDA:144,10,1,0
BRDA:154,11,0,0
BRDA:154,11,1,1
BRDA:158,12,0,0
BRDA:158,12,1,0
BRDA:173,13,0,1
BRDA:173,13,1,0
BRDA:189,14,0,0
BRDA:189,14,1,1
BRDA:193,15,0,2
BRDA:193,15,1,0
BRDA:197,16,0,1
BRDA:197,16,1,0
BRDA:206,17,0,1
BRDA:206,17,1,0
BRDA:207,18,0,1
BRDA:207,18,1,0
BRDA:210,19,0,0
BRDA:210,19,1,1
BRDA:217,20,0,0
BRDA:217,20,1,0
BRDA:223,21,0,0
BRDA:223,21,1,0
BRDA:230,22,0,0
BRDA:230,22,1,0
BRDA:257,23,0,2
BRDA:257,23,1,0
BRDA:264,24,0,2
BRDA:264,24,1,0
BRDA:309,25,0,0
BRDA:309,25,1,33
BRDA:311,26,0,33
BRDA:311,26,1,0
BRF:54
BRH:29
end_of_record
TN:
SF:C:\Users\Varun\Documents\WebDeveloperStuff\ReactProforma\react-proforma\src\ProformaContext.tsx
FNF:0
FNH:0
DA:1,11
DA:3,11
DA:5,11
DA:6,11
LF:4
LH:4
BRF:0
BRH:0
end_of_record
TN:
SF:C:\Users\Varun\Documents\WebDeveloperStuff\ReactProforma\react-proforma\src\Radio.tsx
FN:20,memoCompare
FN:28,(anonymous_5)
FN:62,(anonymous_6)
FN:125,(anonymous_7)
FNF:4
FNH:3
FNDA:0,memoCompare
FNDA:6,(anonymous_5)
FNDA:6,(anonymous_6)
FNDA:12,(anonymous_7)
DA:1,1
DA:7,1
DA:24,0
DA:28,1
DA:32,6
DA:33,6
DA:34,6
DA:35,6
DA:36,6
DA:37,6
DA:38,6
DA:41,6
DA:55,1
DA:62,1
DA:64,6
DA:65,6
DA:66,6
DA:67,6
DA:68,6
DA:69,6
DA:70,6
DA:71,6
DA:72,6
DA:75,6
DA:76,6
DA:77,6
DA:90,0
DA:106,0
DA:110,1
DA:124,1
DA:126,12
DA:127,12
DA:128,12
DA:129,12
DA:130,12
DA:134,12
DA:135,12
DA:136,12
DA:137,12
DA:139,12
DA:140,12
DA:141,12
DA:142,12
DA:143,12
DA:144,12
DA:145,12
DA:146,12
DA:147,12
DA:149,12
DA:152,12
DA:153,0
DA:157,12
DA:158,0
DA:162,12
DA:163,6
DA:175,6
DA:176,6
DA:189,0
LF:58
LH:52
BRDA:75,0,0,6
BRDA:75,0,1,0
BRDA:76,1,0,6
BRDA:76,1,1,0
BRDA:152,2,0,0
BRDA:152,2,1,12
BRDA:152,3,0,12
BRDA:152,3,1,12
BRDA:157,4,0,0
BRDA:157,4,1,12
BRDA:162,5,0,6
BRDA:162,5,1,6
BRDA:175,6,0,6
BRDA:175,6,1,0
BRF:14
BRH:9
end_of_record
TN:
SF:C:\Users\Varun\Documents\WebDeveloperStuff\ReactProforma\react-proforma\src\Reset.tsx
FN:20,memoCompare
FN:29,(anonymous_5)
FN:54,(anonymous_6)
FN:108,(anonymous_7)
FNF:4
FNH:3
FNDA:0,memoCompare
FNDA:5,(anonymous_5)
FNDA:3,(anonymous_6)
FNDA:8,(anonymous_7)
DA:1,1
DA:7,1
DA:24,0
DA:29,1
DA:30,5
DA:32,5
DA:33,5
DA:39,0
DA:47,1
DA:54,1
DA:56,3
DA:57,3
DA:58,3
DA:59,3
DA:60,3
DA:63,3
DA:64,3
DA:65,3
DA:76,0
DA:88,0
DA:92,1
DA:107,1
DA:110,8
DA:114,8
DA:115,8
DA:116,8
DA:118,8
DA:119,8
DA:120,8
DA:121,8
DA:123,8
DA:126,8
DA:127,5
DA:128,5
DA:136,0
DA:147,3
DA:148,3
DA:157,0
LF:38
LH:32
BRDA:32,0,0,5
BRDA:32,0,1,0
BRDA:63,1,0,3
BRDA:63,1,1,0
BRDA:64,2,0,3
BRDA:64,2,1,0
BRDA:126,3,0,5
BRDA:126,3,1,3
BRDA:127,4,0,5
BRDA:127,4,1,0
BRDA:131,5,0,5
BRDA:131,5,1,3
BRDA:139,6,0,0
BRDA:139,6,1,0
BRDA:147,7,0,3
BRDA:147,7,1,0
BRDA:152,8,0,3
BRDA:152,8,1,1
BRDA:161,9,0,0
BRDA:161,9,1,0
BRF:20
BRH:11
end_of_record
TN:
SF:C:\Users\Varun\Documents\WebDeveloperStuff\ReactProforma\react-proforma\src\Select.tsx
FN:19,memoCompare
FN:27,(anonymous_5)
FN:61,(anonymous_6)
FN:118,(anonymous_7)
FNF:4
FNH:3
FNDA:0,memoCompare
FNDA:2,(anonymous_5)
FNDA:3,(anonymous_6)
FNDA:5,(anonymous_7)
DA:1,1
DA:7,1
DA:23,0
DA:27,1
DA:31,2
DA:32,2
DA:33,2
DA:34,2
DA:35,2
DA:36,2
DA:37,2
DA:40,2
DA:54,1
DA:61,1
DA:63,3
DA:64,3
DA:65,3
DA:66,3
DA:67,3
DA:68,3
DA:69,3
DA:70,3
DA:73,3
DA:74,3
DA:75,1
DA:86,2
DA:100,0
DA:104,1
DA:117,1
DA:119,5
DA:120,5
DA:121,5
DA:122,5
DA:123,5
DA:127,5
DA:128,5
DA:129,5
DA:131,5
DA:132,5
DA:133,5
DA:134,5
DA:135,5
DA:136,5
DA:137,5
DA:139,5
DA:142,5
DA:143,0
DA:147,5
DA:148,0
DA:152,5
DA:153,2
DA:154,0
DA:159,2
DA:172,3
DA:173,1
DA:185,2
LF:56
LH:51
BRDA:73,0,0,3
BRDA:73,0,1,0
BRDA:74,1,0,1
BRDA:74,1,1,2
BRDA:142,2,0,0
BRDA:142,2,1,5
BRDA:142,3,0,5
BRDA:142,3,1,0
BRDA:147,4,0,0
BRDA:147,4,1,5
BRDA:152,5,0,2
BRDA:152,5,1,3
BRDA:153,6,0,0
BRDA:153,6,1,2
BRDA:172,7,0,1
BRDA:172,7,1,2
BRF:16
BRH:11
end_of_record
TN:
SF:C:\Users\Varun\Documents\WebDeveloperStuff\ReactProforma\react-proforma\src\Submit.tsx
FN:18,memoCompare
FN:25,_handleClick
FN:37,(anonymous_6)
FN:51,(anonymous_7)
FN:61,(anonymous_8)
FN:77,(anonymous_9)
FN:94,(anonymous_10)
FN:107,(anonymous_11)
FN:136,(anonymous_12)
FNF:9
FNH:5
FNDA:0,memoCompare
FNDA:1,_handleClick
FNDA:6,(anonymous_6)
FNDA:1,(anonymous_7)
FNDA:0,(anonymous_8)
FNDA:3,(anonymous_9)
FNDA:0,(anonymous_10)
FNDA:0,(anonymous_11)
FNDA:9,(anonymous_12)
DA:1,1
DA:7,1
DA:22,0
DA:31,1
DA:32,1
DA:37,1
DA:39,6
DA:40,6
DA:41,6
DA:42,6
DA:43,6
DA:44,6
DA:47,6
DA:48,6
DA:51,1
DA:58,0
DA:61,0
DA:70,1
DA:77,1
DA:79,3
DA:80,3
DA:81,3
DA:82,3
DA:83,3
DA:84,3
DA:85,3
DA:88,3
DA:89,3
DA:90,3
DA:95,0
DA:103,0
DA:108,0
DA:117,0
DA:121,1
DA:135,1
DA:138,9
DA:139,9
DA:140,9
DA:143,9
DA:144,9
DA:145,9
DA:146,9
DA:148,9
DA:149,9
DA:150,9
DA:151,9
DA:152,9
DA:154,9
DA:157,9
DA:158,6
DA:159,6
DA:169,0
DA:182,3
DA:183,3
DA:194,0
LF:55
LH:46
BRDA:47,0,0,6
BRDA:47,0,1,0
BRDA:54,1,0,5
BRDA:54,1,1,1
BRDA:64,2,0,0
BRDA:64,2,1,0
BRDA:88,3,0,3
BRDA:88,3,1,0
BRDA:89,4,0,3
BRDA:89,4,1,0
BRDA:99,5,0,3
BRDA:99,5,1,0
BRDA:112,6,0,0
BRDA:112,6,1,0
BRDA:157,7,0,6
BRDA:157,7,1,3
BRDA:158,8,0,6
BRDA:158,8,1,0
BRDA:161,9,0,6
BRDA:161,9,1,5
BRDA:162,10,0,6
BRDA:162,10,1,6
BRDA:171,11,0,0
BRDA:171,11,1,0
BRDA:172,12,0,0
BRDA:172,12,1,0
BRDA:182,13,0,3
BRDA:182,13,1,0
BRDA:186,14,0,3
BRDA:186,14,1,2
BRDA:187,15,0,3
BRDA:187,15,1,3
BRDA:197,16,0,0
BRDA:197,16,1,0
BRDA:198,17,0,0
BRDA:198,17,1,0
BRF:36
BRH:18
end_of_record
TN:
SF:C:\Users\Varun\Documents\WebDeveloperStuff\ReactProforma\react-proforma\src\Textarea.tsx
FN:19,memoCompare
FN:28,(anonymous_5)
FN:57,(anonymous_6)
FN:114,(anonymous_7)
FNF:4
FNH:3
FNDA:0,memoCompare
FNDA:2,(anonymous_5)
FNDA:2,(anonymous_6)
FNDA:4,(anonymous_7)
DA:1,1
DA:7,1
DA:23,0
DA:28,1
DA:30,2
DA:31,2
DA:32,2
DA:33,2
DA:34,2
DA:35,2
DA:38,2
DA:50,1
DA:57,1
DA:59,2
DA:60,2
DA:61,2
DA:62,2
DA:63,2
DA:64,2
DA:65,2
DA:66,2
DA:69,2
DA:70,2
DA:71,2
DA:82,0
DA:96,0
DA:100,1
DA:113,1
DA:115,4
DA:116,4
DA:117,4
DA:118,4
DA:119,4
DA:123,4
DA:124,4
DA:125,4
DA:127,4
DA:128,4
DA:129,4
DA:130,4
DA:131,4
DA:132,4
DA:133,4
DA:135,4
DA:138,4
DA:139,0
DA:143,4
DA:144,0
DA:148,4
DA:149,2
DA:160,2
DA:161,2
DA:173,0
LF:53
LH:47
BRDA:69,0,0,2
BRDA:69,0,1,0
BRDA:70,1,0,2
BRDA:70,1,1,0
BRDA:138,2,0,0
BRDA:138,2,1,4
BRDA:138,3,0,4
BRDA:138,3,1,4
BRDA:143,4,0,0
BRDA:143,4,1,4
BRDA:148,5,0,2
BRDA:148,5,1,2
BRDA:160,6,0,2
BRDA:160,6,1,0
BRF:14
BRH:9
end_of_record
TN:
SF:C:\Users\Varun\Documents\WebDeveloperStuff\ReactProforma\react-proforma\src\fieldError.tsx
FN:14,memoCompare
FN:21,(anonymous_2)
FN:33,(anonymous_3)
FN:46,getErrorMappingFn
FN:47,errorMappingFn
FN:52,mapErrors
FN:58,getContextConsumerProcessor
FN:62,processContextConsumer
FN:87,fieldError
FNF:9
FNH:7
FNDA:0,memoCompare
FNDA:2,(anonymous_2)
FNDA:0,(anonymous_3)
FNDA:1,getErrorMappingFn
FNDA:2,errorMappingFn
FNDA:1,mapErrors
FNDA:3,getContextConsumerProcessor
FNDA:3,processContextConsumer
FNDA:3,fieldError
DA:1,1
DA:3,1
DA:4,1
DA:18,0
DA:21,1
DA:22,2
DA:24,2
DA:27,1
DA:33,1
DA:34,0
DA:35,0
DA:37,0
DA:39,0
DA:40,0
DA:43,0
DA:47,1
DA:48,2
DA:53,1
DA:56,1
DA:62,3
DA:63,3
DA:64,3
DA:67,3
DA:68,3
DA:70,3
DA:71,1
DA:74,2
DA:87,1
DA:88,3
DA:89,0
DA:93,3
DA:94,0
DA:98,3
LF:33
LH:24
BRDA:37,0,0,0
BRDA:37,0,1,0
BRDA:40,1,0,0
BRDA:40,1,1,0
BRDA:70,2,0,1
BRDA:70,2,1,2
BRDA:70,3,0,3
BRDA:70,3,1,2
BRDA:88,4,0,0
BRDA:88,4,1,3
BRDA:93,5,0,0
BRDA:93,5,1,3
BRF:12
BRH:6
end_of_record
TN:
SF:C:\Users\Varun\Documents\WebDeveloperStuff\ReactProforma\react-proforma\src\fieldValid.tsx
FN:12,memoCompare
FN:19,(anonymous_2)
FN:30,getContextConsumerProcessor
FN:35,processContextConsumer
FN:65,fieldValid
FNF:5
FNH:4
FNDA:0,memoCompare
FNDA:1,(anonymous_2)
FNDA:3,getContextConsumerProcessor
FNDA:3,processContextConsumer
FNDA:3,fieldValid
DA:1,1
DA:3,1
DA:16,0
DA:19,1
DA:20,1
DA:22,1
DA:25,1
DA:35,3
DA:36,3
DA:37,3
DA:38,3
DA:41,3
DA:42,3
DA:44,3
DA:45,1
DA:48,2
DA:65,1
DA:70,3
DA:71,0
DA:75,3
DA:76,0
DA:80,3
DA:81,0
DA:85,3
LF:24
LH:20
BRDA:44,0,0,1
BRDA:44,0,1,2
BRDA:44,1,0,3
BRDA:44,1,1,2
BRDA:70,2,0,0
BRDA:70,2,1,3
BRDA:75,3,0,0
BRDA:75,3,1,3
BRDA:80,4,0,0
BRDA:80,4,1,3
BRF:10
BRH:7
end_of_record
TN:
SF:C:\Users\Varun\Documents\WebDeveloperStuff\ReactProforma\react-proforma\src\helpers.ts
FN:4,generateStateObject
FN:9,(anonymous_1)
FN:34,validator
FNF:3
FNH:3
FNDA:19,generateStateObject
FNDA:91,(anonymous_1)
FNDA:4,validator
DA:4,2
DA:7,19
DA:8,19
DA:10,91
DA:14,88
DA:16,3
DA:18,91
DA:19,91
DA:20,91
DA:31,19
DA:34,2
DA:39,4
DA:40,4
DA:41,6
DA:42,6
DA:43,0
DA:48,1
DA:49,0
DA:52,4
LF:19
LH:17
BRDA:10,0,0,88
BRDA:10,0,1,3
BRDA:11,1,0,91
BRDA:11,1,1,73
BRDA:40,2,0,3
BRDA:40,2,1,1
BRDA:42,3,0,0
BRDA:42,3,1,6
BRDA:48,4,0,0
BRDA:48,4,1,1
BRDA:48,5,0,1
BRDA:48,5,1,1
BRF:12
BRH:10
end_of_record
